---------------------------------------------------------------
[ 2018-01-03T12:40:09+08:00 ] 127.0.0.1 127.0.0.1 GET /
[ info ] wangyuxuan.online/ [运行时间：0.335000s][吞吐率：2.99req/s] [内存消耗：2,469.33kb] [文件加载：61]
[ info ] [ LANG ] D:\phpStudy\WWW\blog\thinkphp\lang\zh-cn.php
[ info ] [ ROUTE ] array (
  'type' => 'module',
  'module' => 
  array (
    0 => '',
    1 => NULL,
    2 => NULL,
  ),
)
[ info ] [ HEADER ] array (
  'accept-language' => 'zh-CN,zh;q=0.9',
  'accept-encoding' => 'gzip, deflate',
  'accept' => 'text/html,application/xhtml+xml,application/xml;q=0.9,image/webp,image/apng,*/*;q=0.8',
  'upgrade-insecure-requests' => '1',
  'user-agent' => 'Mozilla/5.0 (Windows NT 6.1; WOW64) AppleWebKit/537.36 (KHTML, like Gecko) Chrome/62.0.3202.89 Safari/537.36',
  'connection' => 'close',
  'host' => 'wangyuxuan.online',
)
[ info ] [ PARAM ] array (
)
[ info ] [ RUN ] app\index\controller\Index->index[ D:\phpStudy\WWW\blog\application\index\controller\Index.php ]
[ info ] [ DB ] INIT mysql
[ info ] [ VIEW ] D:\phpStudy\WWW\blog\public/../application/index\view\index\index.html [ array (
  0 => 'page',
  1 => 'info',
) ]
[ info ] [ LOG ] INIT File
[ sql ] [ DB ] CONNECT:[ UseTime:0.012000s ] mysql:host=127.0.0.1;port=3306;dbname=blog;charset=utf8
[ sql ] [ SQL ] SHOW COLUMNS FROM `doing` [ RunTime:0.025000s ]
[ sql ] [ SQL ] SELECT COUNT(*) AS tp_count FROM `doing` LIMIT 1 [ RunTime:0.000000s ]
[ sql ] [ SQL ] SELECT * FROM `doing` ORDER BY id desc LIMIT 0,5 [ RunTime:0.001000s ]
---------------------------------------------------------------
[ 2018-01-03T12:40:33+08:00 ] 127.0.0.1 127.0.0.1 GET /
[ info ] wangyuxuan.online/ [运行时间：0.074000s][吞吐率：13.51req/s] [内存消耗：2,328.91kb] [文件加载：59]
[ info ] [ LANG ] D:\phpStudy\WWW\blog\thinkphp\lang\zh-cn.php
[ info ] [ ROUTE ] array (
  'type' => 'module',
  'module' => 
  array (
    0 => '',
    1 => NULL,
    2 => NULL,
  ),
)
[ info ] [ HEADER ] array (
  'proxyagent' => 'oray phfw 22057',
  'x-forwarded-for' => '110.184.71.56, 218.145.64.217',
  'x-real-ip' => '110.184.71.56',
  'accept-language' => 'zh-CN,zh;q=0.8',
  'accept-encoding' => 'gzip, deflate, sdch',
  'user-agent' => 'Mozilla/5.0 (Windows NT 6.1; WOW64) AppleWebKit/537.36 (KHTML, like Gecko) Chrome/49.0.2623.221 Safari/537.36 SE 2.X MetaSr 1.0',
  'upgrade-insecure-requests' => '1',
  'accept' => 'text/html,application/xhtml+xml,application/xml;q=0.9,image/webp,*/*;q=0.8',
  'connection' => 'close',
  'host' => 'wangyuxuan.online',
)
[ info ] [ PARAM ] array (
)
[ info ] [ RUN ] app\index\controller\Index->index[ D:\phpStudy\WWW\blog\application\index\controller\Index.php ]
[ info ] [ DB ] INIT mysql
[ info ] [ VIEW ] D:\phpStudy\WWW\blog\public/../application/index\view\index\index.html [ array (
  0 => 'page',
  1 => 'info',
) ]
[ info ] [ LOG ] INIT File
[ sql ] [ DB ] CONNECT:[ UseTime:0.010000s ] mysql:host=127.0.0.1;port=3306;dbname=blog;charset=utf8
[ sql ] [ SQL ] SHOW COLUMNS FROM `doing` [ RunTime:0.006000s ]
[ sql ] [ SQL ] SELECT COUNT(*) AS tp_count FROM `doing` LIMIT 1 [ RunTime:0.001000s ]
[ sql ] [ SQL ] SELECT * FROM `doing` ORDER BY id desc LIMIT 0,5 [ RunTime:0.000000s ]
---------------------------------------------------------------
[ 2018-01-03T12:44:05+08:00 ] 127.0.0.1 127.0.0.1 GET /
[ info ] 1s73362d93.imwork.net/ [运行时间：0.086000s][吞吐率：11.63req/s] [内存消耗：2,329.37kb] [文件加载：59]
[ info ] [ LANG ] D:\phpStudy\WWW\blog\thinkphp\lang\zh-cn.php
[ info ] [ ROUTE ] array (
  'type' => 'module',
  'module' => 
  array (
    0 => '',
    1 => NULL,
    2 => NULL,
  ),
)
[ info ] [ HEADER ] array (
  'cookie' => 'pgv_pvi=7885923328; PHPSESSID=6ij34581rv4ig09o0cvl1kkuf3; _csrf_name_67d5f011=3e561b4ca3af391b976a64988cb21a41; _csrf_name_67d5f011__ckMd5=21153aa26d0507a5; DedeUserID=1; DedeUserID__ckMd5=5ca0980e90768dc1; DedeLoginTime=1514953916; DedeLoginTime__ckMd5=baa1e8a700db059b; ENV_GOBACK_URL=%2Fdede%2Fco_main.php',
  'accept-language' => 'zh-CN,zh;q=0.9',
  'accept-encoding' => 'gzip, deflate',
  'accept' => 'text/html,application/xhtml+xml,application/xml;q=0.9,image/webp,image/apng,*/*;q=0.8',
  'upgrade-insecure-requests' => '1',
  'user-agent' => 'Mozilla/5.0 (Windows NT 6.1; WOW64) AppleWebKit/537.36 (KHTML, like Gecko) Chrome/62.0.3202.89 Safari/537.36',
  'connection' => 'close',
  'host' => '1s73362d93.imwork.net',
)
[ info ] [ PARAM ] array (
)
[ info ] [ RUN ] app\index\controller\Index->index[ D:\phpStudy\WWW\blog\application\index\controller\Index.php ]
[ info ] [ DB ] INIT mysql
[ info ] [ VIEW ] D:\phpStudy\WWW\blog\public/../application/index\view\index\index.html [ array (
  0 => 'page',
  1 => 'info',
) ]
[ info ] [ LOG ] INIT File
[ sql ] [ DB ] CONNECT:[ UseTime:0.010000s ] mysql:host=127.0.0.1;port=3306;dbname=blog;charset=utf8
[ sql ] [ SQL ] SHOW COLUMNS FROM `doing` [ RunTime:0.006000s ]
[ sql ] [ SQL ] SELECT COUNT(*) AS tp_count FROM `doing` LIMIT 1 [ RunTime:0.000000s ]
[ sql ] [ SQL ] SELECT * FROM `doing` ORDER BY id desc LIMIT 0,5 [ RunTime:0.000000s ]
---------------------------------------------------------------
[ 2018-01-03T12:44:16+08:00 ] 127.0.0.1 127.0.0.1 GET /
[ info ] 1s73362d93.imwork.net/ [运行时间：0.104000s][吞吐率：9.62req/s] [内存消耗：2,328.98kb] [文件加载：59]
[ info ] [ LANG ] D:\phpStudy\WWW\blog\thinkphp\lang\zh-cn.php
[ info ] [ ROUTE ] array (
  'type' => 'module',
  'module' => 
  array (
    0 => '',
    1 => NULL,
    2 => NULL,
  ),
)
[ info ] [ HEADER ] array (
  'proxyagent' => 'oray phfw 22057',
  'x-forwarded-for' => '110.184.71.56, 103.44.145.245',
  'x-real-ip' => '110.184.71.56',
  'accept-language' => 'zh-CN,zh;q=0.8',
  'accept-encoding' => 'gzip, deflate, sdch',
  'user-agent' => 'Mozilla/5.0 (Windows NT 6.1; WOW64) AppleWebKit/537.36 (KHTML, like Gecko) Chrome/49.0.2623.221 Safari/537.36 SE 2.X MetaSr 1.0',
  'upgrade-insecure-requests' => '1',
  'accept' => 'text/html,application/xhtml+xml,application/xml;q=0.9,image/webp,*/*;q=0.8',
  'cache-control' => 'max-age=0',
  'connection' => 'close',
  'host' => '1s73362d93.imwork.net',
)
[ info ] [ PARAM ] array (
)
[ info ] [ RUN ] app\index\controller\Index->index[ D:\phpStudy\WWW\blog\application\index\controller\Index.php ]
[ info ] [ DB ] INIT mysql
[ info ] [ VIEW ] D:\phpStudy\WWW\blog\public/../application/index\view\index\index.html [ array (
  0 => 'page',
  1 => 'info',
) ]
[ info ] [ LOG ] INIT File
[ sql ] [ DB ] CONNECT:[ UseTime:0.010000s ] mysql:host=127.0.0.1;port=3306;dbname=blog;charset=utf8
[ sql ] [ SQL ] SHOW COLUMNS FROM `doing` [ RunTime:0.008000s ]
[ sql ] [ SQL ] SELECT COUNT(*) AS tp_count FROM `doing` LIMIT 1 [ RunTime:0.000000s ]
[ sql ] [ SQL ] SELECT * FROM `doing` ORDER BY id desc LIMIT 0,5 [ RunTime:0.000000s ]
