---------------------------------------------------------------
[ 2018-01-11T14:37:49+08:00 ] 127.0.0.1 127.0.0.1 GET /
[ info ] wangyuxuan.online/ [运行时间：0.583000s][吞吐率：1.72req/s] [内存消耗：2,328.96kb] [文件加载：59]
[ info ] [ LANG ] D:\phpStudy\WWW\blog\thinkphp\lang\zh-cn.php
[ info ] [ ROUTE ] array (
  'type' => 'module',
  'module' => 
  array (
    0 => '',
    1 => NULL,
    2 => NULL,
  ),
)
[ info ] [ HEADER ] array (
  'proxyagent' => 'oray phfw 22057',
  'x-forwarded-for' => '182.150.27.185, 218.145.64.217',
  'x-real-ip' => '182.150.27.185',
  'connection' => 'close',
  'if-none-match' => '"d70-56277ac60b7c0"',
  'if-modified-since' => 'Thu, 11 Jan 2018 03:23:36 GMT',
  'host' => 'wangyuxuan.online',
  'accept-encoding' => 'gzip, deflate',
  'user-agent' => 'Mozilla/5.0 (Windows NT 10.0; Win64; x64) AppleWebKit/537.36 (KHTML, like Gecko) Chrome/46.0.2486.0 Safari/537.36 Edge/13.10586',
  'accept-language' => 'zh-CN',
  'accept' => 'text/html, application/xhtml+xml, image/jxr, */*',
)
[ info ] [ PARAM ] array (
)
[ info ] [ RUN ] app\index\controller\Index->index[ D:\phpStudy\WWW\blog\application\index\controller\Index.php ]
[ info ] [ DB ] INIT mysql
[ info ] [ VIEW ] D:\phpStudy\WWW\blog\public/../application/index\view\index\index.html [ array (
  0 => 'page',
  1 => 'info',
) ]
[ info ] [ LOG ] INIT File
[ sql ] [ DB ] CONNECT:[ UseTime:0.007000s ] mysql:host=127.0.0.1;port=3306;dbname=blog;charset=utf8
[ sql ] [ SQL ] SHOW COLUMNS FROM `doing` [ RunTime:0.033000s ]
[ sql ] [ SQL ] SELECT COUNT(*) AS tp_count FROM `doing` LIMIT 1 [ RunTime:0.001000s ]
[ sql ] [ SQL ] SELECT * FROM `doing` ORDER BY id desc LIMIT 0,5 [ RunTime:0.001000s ]
---------------------------------------------------------------
[ 2018-01-11T14:37:57+08:00 ] 127.0.0.1 127.0.0.1 GET /
[ info ] wangyuxuan.online/ [运行时间：0.061000s][吞吐率：16.39req/s] [内存消耗：2,328.97kb] [文件加载：59]
[ info ] [ LANG ] D:\phpStudy\WWW\blog\thinkphp\lang\zh-cn.php
[ info ] [ ROUTE ] array (
  'type' => 'module',
  'module' => 
  array (
    0 => '',
    1 => NULL,
    2 => NULL,
  ),
)
[ info ] [ HEADER ] array (
  'proxyagent' => 'oray phfw 22057',
  'x-forwarded-for' => '182.150.27.185, 218.145.64.217',
  'x-real-ip' => '182.150.27.185',
  'connection' => 'close',
  'if-none-match' => '"d70-56277ac60b7c0"',
  'if-modified-since' => 'Thu, 11 Jan 2018 03:23:36 GMT',
  'host' => 'wangyuxuan.online',
  'accept-encoding' => 'gzip, deflate',
  'user-agent' => 'Mozilla/5.0 (Windows NT 10.0; Win64; x64) AppleWebKit/537.36 (KHTML, like Gecko) Chrome/46.0.2486.0 Safari/537.36 Edge/13.10586',
  'accept-language' => 'zh-CN',
  'accept' => 'text/html, application/xhtml+xml, image/jxr, */*',
)
[ info ] [ PARAM ] array (
)
[ info ] [ RUN ] app\index\controller\Index->index[ D:\phpStudy\WWW\blog\application\index\controller\Index.php ]
[ info ] [ DB ] INIT mysql
[ info ] [ VIEW ] D:\phpStudy\WWW\blog\public/../application/index\view\index\index.html [ array (
  0 => 'page',
  1 => 'info',
) ]
[ info ] [ LOG ] INIT File
[ sql ] [ DB ] CONNECT:[ UseTime:0.000000s ] mysql:host=127.0.0.1;port=3306;dbname=blog;charset=utf8
[ sql ] [ SQL ] SHOW COLUMNS FROM `doing` [ RunTime:0.007000s ]
[ sql ] [ SQL ] SELECT COUNT(*) AS tp_count FROM `doing` LIMIT 1 [ RunTime:0.000000s ]
[ sql ] [ SQL ] SELECT * FROM `doing` ORDER BY id desc LIMIT 0,5 [ RunTime:0.000000s ]
---------------------------------------------------------------
[ 2018-01-11T14:37:58+08:00 ] 127.0.0.1 127.0.0.1 GET /
[ info ] wangyuxuan.online/ [运行时间：0.052000s][吞吐率：19.23req/s] [内存消耗：2,328.97kb] [文件加载：59]
[ info ] [ LANG ] D:\phpStudy\WWW\blog\thinkphp\lang\zh-cn.php
[ info ] [ ROUTE ] array (
  'type' => 'module',
  'module' => 
  array (
    0 => '',
    1 => NULL,
    2 => NULL,
  ),
)
[ info ] [ HEADER ] array (
  'proxyagent' => 'oray phfw 22057',
  'x-forwarded-for' => '182.150.27.185, 218.145.64.217',
  'x-real-ip' => '182.150.27.185',
  'connection' => 'close',
  'if-none-match' => '"d70-56277ac60b7c0"',
  'if-modified-since' => 'Thu, 11 Jan 2018 03:23:36 GMT',
  'host' => 'wangyuxuan.online',
  'accept-encoding' => 'gzip, deflate',
  'user-agent' => 'Mozilla/5.0 (Windows NT 10.0; Win64; x64) AppleWebKit/537.36 (KHTML, like Gecko) Chrome/46.0.2486.0 Safari/537.36 Edge/13.10586',
  'accept-language' => 'zh-CN',
  'accept' => 'text/html, application/xhtml+xml, image/jxr, */*',
)
[ info ] [ PARAM ] array (
)
[ info ] [ RUN ] app\index\controller\Index->index[ D:\phpStudy\WWW\blog\application\index\controller\Index.php ]
[ info ] [ DB ] INIT mysql
[ info ] [ VIEW ] D:\phpStudy\WWW\blog\public/../application/index\view\index\index.html [ array (
  0 => 'page',
  1 => 'info',
) ]
[ info ] [ LOG ] INIT File
[ sql ] [ DB ] CONNECT:[ UseTime:0.011000s ] mysql:host=127.0.0.1;port=3306;dbname=blog;charset=utf8
[ sql ] [ SQL ] SHOW COLUMNS FROM `doing` [ RunTime:0.006000s ]
[ sql ] [ SQL ] SELECT COUNT(*) AS tp_count FROM `doing` LIMIT 1 [ RunTime:0.000000s ]
[ sql ] [ SQL ] SELECT * FROM `doing` ORDER BY id desc LIMIT 0,5 [ RunTime:0.000000s ]
---------------------------------------------------------------
[ 2018-01-11T14:37:58+08:00 ] 127.0.0.1 127.0.0.1 GET /
[ info ] wangyuxuan.online/ [运行时间：0.083000s][吞吐率：12.05req/s] [内存消耗：2,328.97kb] [文件加载：59]
[ info ] [ LANG ] D:\phpStudy\WWW\blog\thinkphp\lang\zh-cn.php
[ info ] [ ROUTE ] array (
  'type' => 'module',
  'module' => 
  array (
    0 => '',
    1 => NULL,
    2 => NULL,
  ),
)
[ info ] [ HEADER ] array (
  'proxyagent' => 'oray phfw 22057',
  'x-forwarded-for' => '182.150.27.185, 218.145.64.217',
  'x-real-ip' => '182.150.27.185',
  'connection' => 'close',
  'if-none-match' => '"d70-56277ac60b7c0"',
  'if-modified-since' => 'Thu, 11 Jan 2018 03:23:36 GMT',
  'host' => 'wangyuxuan.online',
  'accept-encoding' => 'gzip, deflate',
  'user-agent' => 'Mozilla/5.0 (Windows NT 10.0; Win64; x64) AppleWebKit/537.36 (KHTML, like Gecko) Chrome/46.0.2486.0 Safari/537.36 Edge/13.10586',
  'accept-language' => 'zh-CN',
  'accept' => 'text/html, application/xhtml+xml, image/jxr, */*',
)
[ info ] [ PARAM ] array (
)
[ info ] [ RUN ] app\index\controller\Index->index[ D:\phpStudy\WWW\blog\application\index\controller\Index.php ]
[ info ] [ DB ] INIT mysql
[ info ] [ VIEW ] D:\phpStudy\WWW\blog\public/../application/index\view\index\index.html [ array (
  0 => 'page',
  1 => 'info',
) ]
[ info ] [ LOG ] INIT File
[ sql ] [ DB ] CONNECT:[ UseTime:0.001000s ] mysql:host=127.0.0.1;port=3306;dbname=blog;charset=utf8
[ sql ] [ SQL ] SHOW COLUMNS FROM `doing` [ RunTime:0.010000s ]
[ sql ] [ SQL ] SELECT COUNT(*) AS tp_count FROM `doing` LIMIT 1 [ RunTime:0.001000s ]
[ sql ] [ SQL ] SELECT * FROM `doing` ORDER BY id desc LIMIT 0,5 [ RunTime:0.000000s ]
---------------------------------------------------------------
[ 2018-01-11T14:38:08+08:00 ] 127.0.0.1 127.0.0.1 GET /
[ info ] wangyuxuan.online/ [运行时间：0.039000s][吞吐率：25.64req/s] [内存消耗：2,328.81kb] [文件加载：59]
[ info ] [ LANG ] D:\phpStudy\WWW\blog\thinkphp\lang\zh-cn.php
[ info ] [ ROUTE ] array (
  'type' => 'module',
  'module' => 
  array (
    0 => '',
    1 => NULL,
    2 => NULL,
  ),
)
[ info ] [ HEADER ] array (
  'proxyagent' => 'oray phfw 22057',
  'x-forwarded-for' => '182.150.27.185, 218.145.64.217',
  'x-real-ip' => '182.150.27.185',
  'connection' => 'close',
  'host' => 'wangyuxuan.online',
  'accept-encoding' => 'gzip, deflate',
  'user-agent' => 'Mozilla/5.0 (Windows NT 10.0; Win64; x64) AppleWebKit/537.36 (KHTML, like Gecko) Chrome/46.0.2486.0 Safari/537.36 Edge/13.10586',
  'accept-language' => 'zh-CN',
  'accept' => 'text/html, application/xhtml+xml, image/jxr, */*',
)
[ info ] [ PARAM ] array (
)
[ info ] [ RUN ] app\index\controller\Index->index[ D:\phpStudy\WWW\blog\application\index\controller\Index.php ]
[ info ] [ DB ] INIT mysql
[ info ] [ VIEW ] D:\phpStudy\WWW\blog\public/../application/index\view\index\index.html [ array (
  0 => 'page',
  1 => 'info',
) ]
[ info ] [ LOG ] INIT File
[ sql ] [ DB ] CONNECT:[ UseTime:0.000000s ] mysql:host=127.0.0.1;port=3306;dbname=blog;charset=utf8
[ sql ] [ SQL ] SHOW COLUMNS FROM `doing` [ RunTime:0.006000s ]
[ sql ] [ SQL ] SELECT COUNT(*) AS tp_count FROM `doing` LIMIT 1 [ RunTime:0.000000s ]
[ sql ] [ SQL ] SELECT * FROM `doing` ORDER BY id desc LIMIT 0,5 [ RunTime:0.000000s ]
---------------------------------------------------------------
[ 2018-01-11T14:38:22+08:00 ] 127.0.0.1 127.0.0.1 GET /
[ info ] wangyuxuan.online/ [运行时间：0.081000s][吞吐率：12.35req/s] [内存消耗：2,329.48kb] [文件加载：59]
[ info ] [ LANG ] D:\phpStudy\WWW\blog\thinkphp\lang\zh-cn.php
[ info ] [ ROUTE ] array (
  'type' => 'module',
  'module' => 
  array (
    0 => '',
    1 => NULL,
    2 => NULL,
  ),
)
[ info ] [ HEADER ] array (
  'proxyagent' => 'oray phfw 22057',
  'x-forwarded-for' => '182.150.27.185, 218.145.64.217',
  'x-real-ip' => '182.150.27.185',
  'if-modified-since' => 'Wed, 10 Jan 2018 09:16:43 GMT',
  'if-none-match' => '"bd0-562687d65f9d0"',
  'accept-language' => 'zh-CN,zh;q=0.8',
  'accept-encoding' => 'gzip, deflate',
  'accept' => 'text/html,application/xhtml+xml,application/xml;q=0.9,image/webp,image/apng,*/*;q=0.8',
  'user-agent' => 'Mozilla/5.0 (Windows NT 10.0; WOW64) AppleWebKit/537.36 (KHTML, like Gecko) Chrome/61.0.3163.100 Safari/537.36',
  'upgrade-insecure-requests' => '1',
  'cache-control' => 'max-age=0',
  'connection' => 'close',
  'host' => 'wangyuxuan.online',
)
[ info ] [ PARAM ] array (
)
[ info ] [ RUN ] app\index\controller\Index->index[ D:\phpStudy\WWW\blog\application\index\controller\Index.php ]
[ info ] [ DB ] INIT mysql
[ info ] [ VIEW ] D:\phpStudy\WWW\blog\public/../application/index\view\index\index.html [ array (
  0 => 'page',
  1 => 'info',
) ]
[ info ] [ LOG ] INIT File
[ sql ] [ DB ] CONNECT:[ UseTime:0.011000s ] mysql:host=127.0.0.1;port=3306;dbname=blog;charset=utf8
[ sql ] [ SQL ] SHOW COLUMNS FROM `doing` [ RunTime:0.006000s ]
[ sql ] [ SQL ] SELECT COUNT(*) AS tp_count FROM `doing` LIMIT 1 [ RunTime:0.001000s ]
[ sql ] [ SQL ] SELECT * FROM `doing` ORDER BY id desc LIMIT 0,5 [ RunTime:0.000000s ]
---------------------------------------------------------------
[ 2018-01-11T14:38:22+08:00 ] 127.0.0.1 127.0.0.1 GET /
[ info ] wangyuxuan.online/ [运行时间：0.046000s][吞吐率：21.74req/s] [内存消耗：2,328.91kb] [文件加载：59]
[ info ] [ LANG ] D:\phpStudy\WWW\blog\thinkphp\lang\zh-cn.php
[ info ] [ ROUTE ] array (
  'type' => 'module',
  'module' => 
  array (
    0 => '',
    1 => NULL,
    2 => NULL,
  ),
)
[ info ] [ HEADER ] array (
  'if-modified-since' => 'Thu, 11 Jan 2018 03:23:27 GMT',
  'if-none-match' => '"d70-56277abd79648"',
  'accept-language' => 'zh-CN,zh;q=0.9',
  'accept-encoding' => 'gzip, deflate',
  'accept' => 'text/html,application/xhtml+xml,application/xml;q=0.9,image/webp,image/apng,*/*;q=0.8',
  'upgrade-insecure-requests' => '1',
  'user-agent' => 'Mozilla/5.0 (Windows NT 6.1; WOW64) AppleWebKit/537.36 (KHTML, like Gecko) Chrome/62.0.3202.89 Safari/537.36',
  'cache-control' => 'max-age=0',
  'connection' => 'close',
  'host' => 'wangyuxuan.online',
)
[ info ] [ PARAM ] array (
)
[ info ] [ RUN ] app\index\controller\Index->index[ D:\phpStudy\WWW\blog\application\index\controller\Index.php ]
[ info ] [ DB ] INIT mysql
[ info ] [ VIEW ] D:\phpStudy\WWW\blog\public/../application/index\view\index\index.html [ array (
  0 => 'page',
  1 => 'info',
) ]
[ info ] [ LOG ] INIT File
[ sql ] [ DB ] CONNECT:[ UseTime:0.000000s ] mysql:host=127.0.0.1;port=3306;dbname=blog;charset=utf8
[ sql ] [ SQL ] SHOW COLUMNS FROM `doing` [ RunTime:0.006000s ]
[ sql ] [ SQL ] SELECT COUNT(*) AS tp_count FROM `doing` LIMIT 1 [ RunTime:0.000000s ]
[ sql ] [ SQL ] SELECT * FROM `doing` ORDER BY id desc LIMIT 0,5 [ RunTime:0.000000s ]
---------------------------------------------------------------
[ 2018-01-11T14:38:43+08:00 ] 127.0.0.1 127.0.0.1 GET /index/index/particulars/id/10.html
[ info ] wangyuxuan.online/index/index/particulars/id/10.html [运行时间：0.145000s][吞吐率：6.90req/s] [内存消耗：2,374.49kb] [文件加载：58]
[ info ] [ LANG ] D:\phpStudy\WWW\blog\thinkphp\lang\zh-cn.php
[ info ] [ ROUTE ] array (
  'type' => 'module',
  'module' => 
  array (
    0 => 'index',
    1 => 'index',
    2 => 'particulars',
  ),
)
[ info ] [ HEADER ] array (
  'proxyagent' => 'oray phfw 22057',
  'x-forwarded-for' => '182.150.27.185, 218.145.64.217',
  'x-real-ip' => '182.150.27.185',
  'connection' => 'close',
  'host' => 'wangyuxuan.online',
  'accept-encoding' => 'gzip, deflate',
  'user-agent' => 'Mozilla/5.0 (Windows NT 10.0; Win64; x64) AppleWebKit/537.36 (KHTML, like Gecko) Chrome/46.0.2486.0 Safari/537.36 Edge/13.10586',
  'accept-language' => 'zh-CN',
  'referer' => 'http://wangyuxuan.online/',
  'accept' => 'text/html, application/xhtml+xml, image/jxr, */*',
)
[ info ] [ PARAM ] array (
  '/index/index/particulars/id/10_html' => '',
  'id' => '10',
)
[ info ] [ RUN ] app\index\controller\Index->particulars[ D:\phpStudy\WWW\blog\application\index\controller\Index.php ]
[ info ] [ DB ] INIT mysql
[ info ] [ VIEW ] D:\phpStudy\WWW\blog\public/../application/index\view\index\particulars.html [ array (
  0 => 'info',
) ]
[ info ] [ LOG ] INIT File
[ sql ] [ DB ] CONNECT:[ UseTime:0.011000s ] mysql:host=127.0.0.1;port=3306;dbname=blog;charset=utf8
[ sql ] [ SQL ] SHOW COLUMNS FROM `doing` [ RunTime:0.006000s ]
[ sql ] [ SQL ] SELECT * FROM `doing` WHERE  `id` = 10 [ RunTime:0.001000s ]
---------------------------------------------------------------
[ 2018-01-11T14:38:55+08:00 ] 127.0.0.1 127.0.0.1 GET /index/index/doing.html
[ info ] wangyuxuan.online/index/index/doing.html [运行时间：0.085000s][吞吐率：11.76req/s] [内存消耗：2,329.35kb] [文件加载：59]
[ info ] [ LANG ] D:\phpStudy\WWW\blog\thinkphp\lang\zh-cn.php
[ info ] [ ROUTE ] array (
  'type' => 'module',
  'module' => 
  array (
    0 => 'index',
    1 => 'index',
    2 => 'doing',
  ),
)
[ info ] [ HEADER ] array (
  'proxyagent' => 'oray phfw 22057',
  'x-forwarded-for' => '182.150.27.185, 218.145.64.217',
  'x-real-ip' => '182.150.27.185',
  'connection' => 'close',
  'host' => 'wangyuxuan.online',
  'accept-encoding' => 'gzip, deflate',
  'user-agent' => 'Mozilla/5.0 (Windows NT 10.0; Win64; x64) AppleWebKit/537.36 (KHTML, like Gecko) Chrome/46.0.2486.0 Safari/537.36 Edge/13.10586',
  'accept-language' => 'zh-CN',
  'referer' => 'http://wangyuxuan.online/index/index/particulars/id/10.html',
  'accept' => 'text/html, application/xhtml+xml, image/jxr, */*',
)
[ info ] [ PARAM ] array (
  '/index/index/doing_html' => '',
)
[ info ] [ RUN ] app\index\controller\Index->doing[ D:\phpStudy\WWW\blog\application\index\controller\Index.php ]
[ info ] [ DB ] INIT mysql
[ info ] [ VIEW ] D:\phpStudy\WWW\blog\public/../application/index\view\index\doing.html [ array (
  0 => 'page',
  1 => 'info',
) ]
[ info ] [ LOG ] INIT File
[ sql ] [ DB ] CONNECT:[ UseTime:0.001000s ] mysql:host=127.0.0.1;port=3306;dbname=blog;charset=utf8
[ sql ] [ SQL ] SHOW COLUMNS FROM `doing` [ RunTime:0.008000s ]
[ sql ] [ SQL ] SELECT COUNT(*) AS tp_count FROM `doing` LIMIT 1 [ RunTime:0.000000s ]
[ sql ] [ SQL ] SELECT * FROM `doing` ORDER BY id desc LIMIT 0,5 [ RunTime:0.001000s ]
---------------------------------------------------------------
[ 2018-01-11T14:39:09+08:00 ] 127.0.0.1 127.0.0.1 GET /index/index/particulars/id/10.html
[ info ] wangyuxuan.online/index/index/particulars/id/10.html [运行时间：0.043000s][吞吐率：23.26req/s] [内存消耗：2,256.99kb] [文件加载：56]
[ info ] [ LANG ] D:\phpStudy\WWW\blog\thinkphp\lang\zh-cn.php
[ info ] [ ROUTE ] array (
  'type' => 'module',
  'module' => 
  array (
    0 => 'index',
    1 => 'index',
    2 => 'particulars',
  ),
)
[ info ] [ HEADER ] array (
  'proxyagent' => 'oray phfw 22057',
  'x-forwarded-for' => '182.150.27.185, 218.145.64.217',
  'x-real-ip' => '182.150.27.185',
  'connection' => 'close',
  'host' => 'wangyuxuan.online',
  'accept-encoding' => 'gzip, deflate',
  'user-agent' => 'Mozilla/5.0 (Windows NT 10.0; Win64; x64) AppleWebKit/537.36 (KHTML, like Gecko) Chrome/46.0.2486.0 Safari/537.36 Edge/13.10586',
  'accept-language' => 'zh-CN',
  'accept' => 'text/html, application/xhtml+xml, image/jxr, */*',
)
[ info ] [ PARAM ] array (
  '/index/index/particulars/id/10_html' => '',
  'id' => '10',
)
[ info ] [ RUN ] app\index\controller\Index->particulars[ D:\phpStudy\WWW\blog\application\index\controller\Index.php ]
[ info ] [ DB ] INIT mysql
[ info ] [ VIEW ] D:\phpStudy\WWW\blog\public/../application/index\view\index\particulars.html [ array (
  0 => 'info',
) ]
[ info ] [ LOG ] INIT File
[ sql ] [ DB ] CONNECT:[ UseTime:0.002000s ] mysql:host=127.0.0.1;port=3306;dbname=blog;charset=utf8
[ sql ] [ SQL ] SHOW COLUMNS FROM `doing` [ RunTime:0.006000s ]
[ sql ] [ SQL ] SELECT * FROM `doing` WHERE  `id` = 10 [ RunTime:0.000000s ]
---------------------------------------------------------------
[ 2018-01-11T14:39:14+08:00 ] 127.0.0.1 127.0.0.1 GET /index/index/about.html
[ info ] wangyuxuan.online/index/index/about.html [运行时间：0.110000s][吞吐率：9.09req/s] [内存消耗：2,394.48kb] [文件加载：58]
[ info ] [ LANG ] D:\phpStudy\WWW\blog\thinkphp\lang\zh-cn.php
[ info ] [ ROUTE ] array (
  'type' => 'module',
  'module' => 
  array (
    0 => 'index',
    1 => 'index',
    2 => 'about',
  ),
)
[ info ] [ HEADER ] array (
  'proxyagent' => 'oray phfw 22057',
  'x-forwarded-for' => '182.150.27.185, 218.145.64.217',
  'x-real-ip' => '182.150.27.185',
  'connection' => 'close',
  'host' => 'wangyuxuan.online',
  'accept-encoding' => 'gzip, deflate',
  'user-agent' => 'Mozilla/5.0 (Windows NT 10.0; Win64; x64) AppleWebKit/537.36 (KHTML, like Gecko) Chrome/46.0.2486.0 Safari/537.36 Edge/13.10586',
  'accept-language' => 'zh-CN',
  'referer' => 'http://wangyuxuan.online/index/index/particulars/id/10.html',
  'accept' => 'text/html, application/xhtml+xml, image/jxr, */*',
)
[ info ] [ PARAM ] array (
  '/index/index/about_html' => '',
)
[ info ] [ RUN ] app\index\controller\Index->about[ D:\phpStudy\WWW\blog\application\index\controller\Index.php ]
[ info ] [ DB ] INIT mysql
[ info ] [ VIEW ] D:\phpStudy\WWW\blog\public/../application/index\view\index\about.html [ array (
  0 => 'info',
) ]
[ info ] [ LOG ] INIT File
[ sql ] [ DB ] CONNECT:[ UseTime:0.000000s ] mysql:host=127.0.0.1;port=3306;dbname=blog;charset=utf8
[ sql ] [ SQL ] SHOW COLUMNS FROM `about` [ RunTime:0.029000s ]
[ sql ] [ SQL ] SELECT * FROM `about` WHERE  `id` = 0 [ RunTime:0.010000s ]
---------------------------------------------------------------
[ 2018-01-11T14:39:16+08:00 ] 127.0.0.1 127.0.0.1 GET /index/index/doing.html
[ info ] wangyuxuan.online/index/index/doing.html [运行时间：0.038000s][吞吐率：26.32req/s] [内存消耗：2,329.27kb] [文件加载：59]
[ info ] [ LANG ] D:\phpStudy\WWW\blog\thinkphp\lang\zh-cn.php
[ info ] [ ROUTE ] array (
  'type' => 'module',
  'module' => 
  array (
    0 => 'index',
    1 => 'index',
    2 => 'doing',
  ),
)
[ info ] [ HEADER ] array (
  'proxyagent' => 'oray phfw 22057',
  'x-forwarded-for' => '106.120.161.68, 218.145.64.217',
  'x-real-ip' => '106.120.161.68',
  'user-agent' => 'Mozilla/4.0 (compatible; MSIE 8.0; Windows NT 6.1; Trident/4.0; SLCC2; .NET CLR 2.0.50727; .NET CLR 3.5.30729; .NET CLR 3.0.30729; Media Center PC 6.0; Tablet PC 2.0)',
  'connection' => 'close',
  'accept-language' => 'zh-CN,zh;q=0.8',
  'host' => 'wangyuxuan.online',
  'referer' => 'http://wangyuxuan.online/index/index/doing.html',
  'accept-encoding' => 'identity',
)
[ info ] [ PARAM ] array (
  '/index/index/doing_html' => '',
)
[ info ] [ RUN ] app\index\controller\Index->doing[ D:\phpStudy\WWW\blog\application\index\controller\Index.php ]
[ info ] [ DB ] INIT mysql
[ info ] [ VIEW ] D:\phpStudy\WWW\blog\public/../application/index\view\index\doing.html [ array (
  0 => 'page',
  1 => 'info',
) ]
[ info ] [ LOG ] INIT File
[ sql ] [ DB ] CONNECT:[ UseTime:0.002000s ] mysql:host=127.0.0.1;port=3306;dbname=blog;charset=utf8
[ sql ] [ SQL ] SHOW COLUMNS FROM `doing` [ RunTime:0.006000s ]
[ sql ] [ SQL ] SELECT COUNT(*) AS tp_count FROM `doing` LIMIT 1 [ RunTime:0.001000s ]
[ sql ] [ SQL ] SELECT * FROM `doing` ORDER BY id desc LIMIT 0,5 [ RunTime:0.000000s ]
---------------------------------------------------------------
[ 2018-01-11T14:39:28+08:00 ] 127.0.0.1 127.0.0.1 GET /index/index/doing.html
[ info ] wangyuxuan.online/index/index/doing.html [运行时间：0.053000s][吞吐率：18.87req/s] [内存消耗：2,329.34kb] [文件加载：59]
[ info ] [ LANG ] D:\phpStudy\WWW\blog\thinkphp\lang\zh-cn.php
[ info ] [ ROUTE ] array (
  'type' => 'module',
  'module' => 
  array (
    0 => 'index',
    1 => 'index',
    2 => 'doing',
  ),
)
[ info ] [ HEADER ] array (
  'proxyagent' => 'oray phfw 22057',
  'x-forwarded-for' => '182.150.27.185, 218.145.64.217',
  'x-real-ip' => '182.150.27.185',
  'connection' => 'close',
  'host' => 'wangyuxuan.online',
  'accept-encoding' => 'gzip, deflate',
  'user-agent' => 'Mozilla/5.0 (Windows NT 10.0; Win64; x64) AppleWebKit/537.36 (KHTML, like Gecko) Chrome/46.0.2486.0 Safari/537.36 Edge/13.10586',
  'accept-language' => 'zh-CN',
  'referer' => 'http://wangyuxuan.online/index/index/about.html',
  'accept' => 'text/html, application/xhtml+xml, image/jxr, */*',
)
[ info ] [ PARAM ] array (
  '/index/index/doing_html' => '',
)
[ info ] [ RUN ] app\index\controller\Index->doing[ D:\phpStudy\WWW\blog\application\index\controller\Index.php ]
[ info ] [ DB ] INIT mysql
[ info ] [ VIEW ] D:\phpStudy\WWW\blog\public/../application/index\view\index\doing.html [ array (
  0 => 'page',
  1 => 'info',
) ]
[ info ] [ LOG ] INIT File
[ sql ] [ DB ] CONNECT:[ UseTime:0.001000s ] mysql:host=127.0.0.1;port=3306;dbname=blog;charset=utf8
[ sql ] [ SQL ] SHOW COLUMNS FROM `doing` [ RunTime:0.006000s ]
[ sql ] [ SQL ] SELECT COUNT(*) AS tp_count FROM `doing` LIMIT 1 [ RunTime:0.000000s ]
[ sql ] [ SQL ] SELECT * FROM `doing` ORDER BY id desc LIMIT 0,5 [ RunTime:0.001000s ]
---------------------------------------------------------------
[ 2018-01-11T14:39:31+08:00 ] 127.0.0.1 127.0.0.1 GET /index/index/saying.html
[ info ] wangyuxuan.online/index/index/saying.html [运行时间：0.063000s][吞吐率：15.87req/s] [内存消耗：1,533.43kb] [文件加载：49]
[ info ] [ LANG ] D:\phpStudy\WWW\blog\thinkphp\lang\zh-cn.php
[ info ] [ ROUTE ] array (
  'type' => 'module',
  'module' => 
  array (
    0 => 'index',
    1 => 'index',
    2 => 'saying',
  ),
)
[ info ] [ HEADER ] array (
  'proxyagent' => 'oray phfw 22057',
  'x-forwarded-for' => '106.120.161.68, 218.145.64.217',
  'x-real-ip' => '106.120.161.68',
  'user-agent' => 'Mozilla/4.0 (compatible; MSIE 8.0; Windows NT 6.1; Trident/4.0; SLCC2; .NET CLR 2.0.50727; .NET CLR 3.5.30729; .NET CLR 3.0.30729; Media Center PC 6.0; Tablet PC 2.0)',
  'connection' => 'close',
  'accept-language' => 'zh-CN,zh;q=0.8',
  'host' => 'wangyuxuan.online',
  'referer' => 'http://wangyuxuan.online/index/index/saying.html',
  'accept-encoding' => 'identity',
)
[ info ] [ PARAM ] array (
  '/index/index/saying_html' => '',
)
[ info ] [ RUN ] app\index\controller\Index->saying[ D:\phpStudy\WWW\blog\application\index\controller\Index.php ]
[ info ] [ VIEW ] D:\phpStudy\WWW\blog\public/../application/index\view\index\saying.html [ array (
) ]
[ info ] [ LOG ] INIT File
---------------------------------------------------------------
[ 2018-01-11T14:39:32+08:00 ] 127.0.0.1 127.0.0.1 GET /index/index/particulars/id/10.html
[ info ] wangyuxuan.online/index/index/particulars/id/10.html [运行时间：0.044000s][吞吐率：22.73req/s] [内存消耗：2,257.03kb] [文件加载：56]
[ info ] [ LANG ] D:\phpStudy\WWW\blog\thinkphp\lang\zh-cn.php
[ info ] [ ROUTE ] array (
  'type' => 'module',
  'module' => 
  array (
    0 => 'index',
    1 => 'index',
    2 => 'particulars',
  ),
)
[ info ] [ HEADER ] array (
  'proxyagent' => 'oray phfw 22057',
  'x-forwarded-for' => '106.120.160.109, 218.145.64.217',
  'x-real-ip' => '106.120.160.109',
  'user-agent' => 'Mozilla/4.0 (compatible; MSIE 8.0; Windows NT 6.1; Trident/4.0; SLCC2; .NET CLR 2.0.50727; .NET CLR 3.5.30729; .NET CLR 3.0.30729; Media Center PC 6.0; Tablet PC 2.0)',
  'connection' => 'close',
  'accept-language' => 'zh-CN,zh;q=0.8',
  'host' => 'wangyuxuan.online',
  'referer' => 'http://wangyuxuan.online/index/index/particulars/id/10.html',
  'accept-encoding' => 'identity',
)
[ info ] [ PARAM ] array (
  '/index/index/particulars/id/10_html' => '',
  'id' => '10',
)
[ info ] [ RUN ] app\index\controller\Index->particulars[ D:\phpStudy\WWW\blog\application\index\controller\Index.php ]
[ info ] [ DB ] INIT mysql
[ info ] [ VIEW ] D:\phpStudy\WWW\blog\public/../application/index\view\index\particulars.html [ array (
  0 => 'info',
) ]
[ info ] [ LOG ] INIT File
[ sql ] [ DB ] CONNECT:[ UseTime:0.011000s ] mysql:host=127.0.0.1;port=3306;dbname=blog;charset=utf8
[ sql ] [ SQL ] SHOW COLUMNS FROM `doing` [ RunTime:0.006000s ]
[ sql ] [ SQL ] SELECT * FROM `doing` WHERE  `id` = 10 [ RunTime:0.001000s ]
---------------------------------------------------------------
[ 2018-01-11T14:39:42+08:00 ] 127.0.0.1 127.0.0.1 GET /index/index/saying.html
[ info ] wangyuxuan.online/index/index/saying.html [运行时间：0.040000s][吞吐率：25.00req/s] [内存消耗：1,416.70kb] [文件加载：47]
[ info ] [ LANG ] D:\phpStudy\WWW\blog\thinkphp\lang\zh-cn.php
[ info ] [ ROUTE ] array (
  'type' => 'module',
  'module' => 
  array (
    0 => 'index',
    1 => 'index',
    2 => 'saying',
  ),
)
[ info ] [ HEADER ] array (
  'proxyagent' => 'oray phfw 22057',
  'x-real-ip' => '182.118.20.155',
  'connection' => 'close',
  'cache-control' => 'max-age=259200',
  'x-forwarded-for' => 'unknown, 182.118.20.155, 218.145.64.217',
  'user-agent' => 'Mozilla/4.0 (compatible; MSIE 8.0; Windows NT 6.1; Trident/4.0; SLCC2; .NET CLR 2.0.50727; .NET CLR 3.5.30729; .NET CLR 3.0.30729; Media Center PC 6.0; Tablet PC 2.0)',
  'accept-language' => 'zh-CN,zh;q=0.8',
  'host' => 'wangyuxuan.online',
  'referer' => 'http://wangyuxuan.online/index/index/saying.html',
  'accept-encoding' => 'identity',
)
[ info ] [ PARAM ] array (
  '/index/index/saying_html' => '',
)
[ info ] [ RUN ] app\index\controller\Index->saying[ D:\phpStudy\WWW\blog\application\index\controller\Index.php ]
[ info ] [ VIEW ] D:\phpStudy\WWW\blog\public/../application/index\view\index\saying.html [ array (
) ]
[ info ] [ LOG ] INIT File
---------------------------------------------------------------
[ 2018-01-11T14:39:42+08:00 ] 127.0.0.1 127.0.0.1 GET /index/index/doing.html?page=2
[ info ] wangyuxuan.online/index/index/doing.html?page=2 [运行时间：0.069000s][吞吐率：14.49req/s] [内存消耗：2,329.39kb] [文件加载：59]
[ info ] [ LANG ] D:\phpStudy\WWW\blog\thinkphp\lang\zh-cn.php
[ info ] [ ROUTE ] array (
  'type' => 'module',
  'module' => 
  array (
    0 => 'index',
    1 => 'index',
    2 => 'doing',
  ),
)
[ info ] [ HEADER ] array (
  'proxyagent' => 'oray phfw 22057',
  'x-forwarded-for' => '182.150.27.185, 218.145.64.217',
  'x-real-ip' => '182.150.27.185',
  'connection' => 'close',
  'host' => 'wangyuxuan.online',
  'accept-encoding' => 'gzip, deflate',
  'user-agent' => 'Mozilla/5.0 (Windows NT 10.0; Win64; x64) AppleWebKit/537.36 (KHTML, like Gecko) Chrome/46.0.2486.0 Safari/537.36 Edge/13.10586',
  'accept-language' => 'zh-CN',
  'referer' => 'http://wangyuxuan.online/index/index/doing.html',
  'accept' => 'text/html, application/xhtml+xml, image/jxr, */*',
)
[ info ] [ PARAM ] array (
  '/index/index/doing_html' => '',
  'page' => '2',
)
[ info ] [ RUN ] app\index\controller\Index->doing[ D:\phpStudy\WWW\blog\application\index\controller\Index.php ]
[ info ] [ DB ] INIT mysql
[ info ] [ VIEW ] D:\phpStudy\WWW\blog\public/../application/index\view\index\doing.html [ array (
  0 => 'page',
  1 => 'info',
) ]
[ info ] [ LOG ] INIT File
[ sql ] [ DB ] CONNECT:[ UseTime:0.010000s ] mysql:host=127.0.0.1;port=3306;dbname=blog;charset=utf8
[ sql ] [ SQL ] SHOW COLUMNS FROM `doing` [ RunTime:0.006000s ]
[ sql ] [ SQL ] SELECT COUNT(*) AS tp_count FROM `doing` LIMIT 1 [ RunTime:0.000000s ]
[ sql ] [ SQL ] SELECT * FROM `doing` ORDER BY id desc LIMIT 5,5 [ RunTime:0.001000s ]
---------------------------------------------------------------
[ 2018-01-11T14:39:48+08:00 ] 127.0.0.1 127.0.0.1 GET /
[ info ] wangyuxuan.online/ [运行时间：0.042000s][吞吐率：23.81req/s] [内存消耗：2,328.34kb] [文件加载：59]
[ info ] [ LANG ] D:\phpStudy\WWW\blog\thinkphp\lang\zh-cn.php
[ info ] [ ROUTE ] array (
  'type' => 'module',
  'module' => 
  array (
    0 => '',
    1 => NULL,
    2 => NULL,
  ),
)
[ info ] [ HEADER ] array (
  'accept-language' => 'zh-CN,zh;q=0.9',
  'accept-encoding' => 'gzip, deflate',
  'accept' => 'text/html,application/xhtml+xml,application/xml;q=0.9,image/webp,image/apng,*/*;q=0.8',
  'upgrade-insecure-requests' => '1',
  'user-agent' => 'Mozilla/5.0 (Windows NT 6.1; WOW64) AppleWebKit/537.36 (KHTML, like Gecko) Chrome/62.0.3202.89 Safari/537.36',
  'connection' => 'close',
  'host' => 'wangyuxuan.online',
)
[ info ] [ PARAM ] array (
)
[ info ] [ RUN ] app\index\controller\Index->index[ D:\phpStudy\WWW\blog\application\index\controller\Index.php ]
[ info ] [ DB ] INIT mysql
[ info ] [ VIEW ] D:\phpStudy\WWW\blog\public/../application/index\view\index\index.html [ array (
  0 => 'page',
  1 => 'info',
) ]
[ info ] [ LOG ] INIT File
[ sql ] [ DB ] CONNECT:[ UseTime:0.002000s ] mysql:host=127.0.0.1;port=3306;dbname=blog;charset=utf8
[ sql ] [ SQL ] SHOW COLUMNS FROM `doing` [ RunTime:0.010000s ]
[ sql ] [ SQL ] SELECT COUNT(*) AS tp_count FROM `doing` LIMIT 1 [ RunTime:0.000000s ]
[ sql ] [ SQL ] SELECT * FROM `doing` ORDER BY id desc LIMIT 0,5 [ RunTime:0.000000s ]
---------------------------------------------------------------
[ 2018-01-11T14:39:50+08:00 ] 127.0.0.1 127.0.0.1 POST /index/index/do.html
[ info ] wangyuxuan.online/index/index/do.html [运行时间：0.085000s][吞吐率：11.76req/s] [内存消耗：2,370.95kb] [文件加载：58]
[ info ] [ LANG ] D:\phpStudy\WWW\blog\thinkphp\lang\zh-cn.php
[ info ] [ ROUTE ] array (
  'type' => 'module',
  'module' => 
  array (
    0 => 'index',
    1 => 'index',
    2 => 'do',
  ),
)
[ info ] [ HEADER ] array (
  'proxyagent' => 'oray phfw 22057',
  'x-forwarded-for' => '182.150.27.185, 218.145.64.217',
  'x-real-ip' => '182.150.27.185',
  'cache-control' => 'no-cache',
  'connection' => 'close',
  'content-length' => '16',
  'host' => 'wangyuxuan.online',
  'user-agent' => 'Mozilla/5.0 (Windows NT 10.0; Win64; x64) AppleWebKit/537.36 (KHTML, like Gecko) Chrome/46.0.2486.0 Safari/537.36 Edge/13.10586',
  'accept-encoding' => 'gzip, deflate',
  'accept-language' => 'zh-CN',
  'referer' => 'http://wangyuxuan.online/index/index/doing.html?page=2',
  'x-requested-with' => 'XMLHttpRequest',
  'accept' => 'text/html, */*; q=0.01',
  'content-type' => 'application/x-www-form-urlencoded; charset=UTF-8',
)
[ info ] [ PARAM ] array (
  '/index/index/do_html' => '',
  'key' => 'css3/html5',
)
[ info ] [ RUN ] app\index\controller\Index->do[ D:\phpStudy\WWW\blog\application\index\controller\Index.php ]
[ info ] [ DB ] INIT mysql
[ info ] [ VIEW ] D:\phpStudy\WWW\blog\public/../application/index\view\index\do.html [ array (
  0 => 'data',
) ]
[ info ] [ LOG ] INIT File
[ sql ] [ DB ] CONNECT:[ UseTime:0.000000s ] mysql:host=127.0.0.1;port=3306;dbname=blog;charset=utf8
[ sql ] [ SQL ] SHOW COLUMNS FROM `doing` [ RunTime:0.006000s ]
[ sql ] [ SQL ] SELECT * FROM `doing` WHERE  `desc` = 'css3/html5' ORDER BY id desc [ RunTime:0.000000s ]
---------------------------------------------------------------
[ 2018-01-11T14:39:53+08:00 ] 127.0.0.1 127.0.0.1 GET /index/index/saying.html
[ info ] wangyuxuan.online/index/index/saying.html [运行时间：0.036000s][吞吐率：27.78req/s] [内存消耗：1,416.70kb] [文件加载：47]
[ info ] [ LANG ] D:\phpStudy\WWW\blog\thinkphp\lang\zh-cn.php
[ info ] [ ROUTE ] array (
  'type' => 'module',
  'module' => 
  array (
    0 => 'index',
    1 => 'index',
    2 => 'saying',
  ),
)
[ info ] [ HEADER ] array (
  'proxyagent' => 'oray phfw 22057',
  'x-forwarded-for' => '182.150.27.185, 218.145.64.217',
  'x-real-ip' => '182.150.27.185',
  'connection' => 'close',
  'host' => 'wangyuxuan.online',
  'accept-encoding' => 'gzip, deflate',
  'user-agent' => 'Mozilla/5.0 (Windows NT 10.0; Win64; x64) AppleWebKit/537.36 (KHTML, like Gecko) Chrome/46.0.2486.0 Safari/537.36 Edge/13.10586',
  'accept-language' => 'zh-CN',
  'referer' => 'http://wangyuxuan.online/index/index/doing.html?page=2',
  'accept' => 'text/html, application/xhtml+xml, image/jxr, */*',
)
[ info ] [ PARAM ] array (
  '/index/index/saying_html' => '',
)
[ info ] [ RUN ] app\index\controller\Index->saying[ D:\phpStudy\WWW\blog\application\index\controller\Index.php ]
[ info ] [ VIEW ] D:\phpStudy\WWW\blog\public/../application/index\view\index\saying.html [ array (
) ]
[ info ] [ LOG ] INIT File
---------------------------------------------------------------
[ 2018-01-11T14:39:55+08:00 ] 127.0.0.1 127.0.0.1 GET /index/index/about.html
[ info ] wangyuxuan.online/index/index/about.html [运行时间：0.052000s][吞吐率：19.23req/s] [内存消耗：2,261.69kb] [文件加载：56]
[ info ] [ LANG ] D:\phpStudy\WWW\blog\thinkphp\lang\zh-cn.php
[ info ] [ ROUTE ] array (
  'type' => 'module',
  'module' => 
  array (
    0 => 'index',
    1 => 'index',
    2 => 'about',
  ),
)
[ info ] [ HEADER ] array (
  'proxyagent' => 'oray phfw 22057',
  'x-forwarded-for' => '106.120.161.68, 218.145.64.217',
  'x-real-ip' => '106.120.161.68',
  'user-agent' => 'Mozilla/4.0 (compatible; MSIE 8.0; Windows NT 6.1; Trident/4.0; SLCC2; .NET CLR 2.0.50727; .NET CLR 3.5.30729; .NET CLR 3.0.30729; Media Center PC 6.0; Tablet PC 2.0)',
  'connection' => 'close',
  'accept-language' => 'zh-CN,zh;q=0.8',
  'host' => 'wangyuxuan.online',
  'referer' => 'http://wangyuxuan.online/index/index/about.html',
  'accept-encoding' => 'identity',
)
[ info ] [ PARAM ] array (
  '/index/index/about_html' => '',
)
[ info ] [ RUN ] app\index\controller\Index->about[ D:\phpStudy\WWW\blog\application\index\controller\Index.php ]
[ info ] [ DB ] INIT mysql
[ info ] [ VIEW ] D:\phpStudy\WWW\blog\public/../application/index\view\index\about.html [ array (
  0 => 'info',
) ]
[ info ] [ LOG ] INIT File
[ sql ] [ DB ] CONNECT:[ UseTime:0.010000s ] mysql:host=127.0.0.1;port=3306;dbname=blog;charset=utf8
[ sql ] [ SQL ] SHOW COLUMNS FROM `about` [ RunTime:0.006000s ]
[ sql ] [ SQL ] SELECT * FROM `about` WHERE  `id` = 0 [ RunTime:0.000000s ]
---------------------------------------------------------------
[ 2018-01-11T14:40:12+08:00 ] 127.0.0.1 127.0.0.1 GET /index/index/about.html
[ info ] wangyuxuan.online/index/index/about.html [运行时间：0.065000s][吞吐率：15.38req/s] [内存消耗：2,261.77kb] [文件加载：56]
[ info ] [ LANG ] D:\phpStudy\WWW\blog\thinkphp\lang\zh-cn.php
[ info ] [ ROUTE ] array (
  'type' => 'module',
  'module' => 
  array (
    0 => 'index',
    1 => 'index',
    2 => 'about',
  ),
)
[ info ] [ HEADER ] array (
  'proxyagent' => 'oray phfw 22057',
  'x-forwarded-for' => '182.150.27.185, 218.145.64.217',
  'x-real-ip' => '182.150.27.185',
  'connection' => 'close',
  'host' => 'wangyuxuan.online',
  'accept-encoding' => 'gzip, deflate',
  'user-agent' => 'Mozilla/5.0 (Windows NT 10.0; Win64; x64) AppleWebKit/537.36 (KHTML, like Gecko) Chrome/46.0.2486.0 Safari/537.36 Edge/13.10586',
  'accept-language' => 'zh-CN',
  'referer' => 'http://wangyuxuan.online/index/index/saying.html',
  'accept' => 'text/html, application/xhtml+xml, image/jxr, */*',
)
[ info ] [ PARAM ] array (
  '/index/index/about_html' => '',
)
[ info ] [ RUN ] app\index\controller\Index->about[ D:\phpStudy\WWW\blog\application\index\controller\Index.php ]
[ info ] [ DB ] INIT mysql
[ info ] [ VIEW ] D:\phpStudy\WWW\blog\public/../application/index\view\index\about.html [ array (
  0 => 'info',
) ]
[ info ] [ LOG ] INIT File
[ sql ] [ DB ] CONNECT:[ UseTime:0.001000s ] mysql:host=127.0.0.1;port=3306;dbname=blog;charset=utf8
[ sql ] [ SQL ] SHOW COLUMNS FROM `about` [ RunTime:0.010000s ]
[ sql ] [ SQL ] SELECT * FROM `about` WHERE  `id` = 0 [ RunTime:0.000000s ]
---------------------------------------------------------------
[ 2018-01-11T14:40:17+08:00 ] 127.0.0.1 127.0.0.1 GET /index/index/about.html
[ info ] wangyuxuan.online/index/index/about.html [运行时间：0.054000s][吞吐率：18.52req/s] [内存消耗：2,261.75kb] [文件加载：56]
[ info ] [ LANG ] D:\phpStudy\WWW\blog\thinkphp\lang\zh-cn.php
[ info ] [ ROUTE ] array (
  'type' => 'module',
  'module' => 
  array (
    0 => 'index',
    1 => 'index',
    2 => 'about',
  ),
)
[ info ] [ HEADER ] array (
  'proxyagent' => 'oray phfw 22057',
  'x-forwarded-for' => '182.150.27.185, 218.145.64.217',
  'x-real-ip' => '182.150.27.185',
  'connection' => 'close',
  'host' => 'wangyuxuan.online',
  'accept-encoding' => 'gzip, deflate',
  'user-agent' => 'Mozilla/5.0 (Windows NT 10.0; Win64; x64) AppleWebKit/537.36 (KHTML, like Gecko) Chrome/46.0.2486.0 Safari/537.36 Edge/13.10586',
  'accept-language' => 'zh-CN',
  'referer' => 'http://wangyuxuan.online/index/index/about.html',
  'accept' => 'text/html, application/xhtml+xml, image/jxr, */*',
)
[ info ] [ PARAM ] array (
  '/index/index/about_html' => '',
)
[ info ] [ RUN ] app\index\controller\Index->about[ D:\phpStudy\WWW\blog\application\index\controller\Index.php ]
[ info ] [ DB ] INIT mysql
[ info ] [ VIEW ] D:\phpStudy\WWW\blog\public/../application/index\view\index\about.html [ array (
  0 => 'info',
) ]
[ info ] [ LOG ] INIT File
[ sql ] [ DB ] CONNECT:[ UseTime:0.010000s ] mysql:host=127.0.0.1;port=3306;dbname=blog;charset=utf8
[ sql ] [ SQL ] SHOW COLUMNS FROM `about` [ RunTime:0.008000s ]
[ sql ] [ SQL ] SELECT * FROM `about` WHERE  `id` = 0 [ RunTime:0.000000s ]
---------------------------------------------------------------
[ 2018-01-11T14:40:19+08:00 ] 127.0.0.1 127.0.0.1 GET /index/index/index.html
[ info ] wangyuxuan.online/index/index/index.html [运行时间：0.090000s][吞吐率：11.11req/s] [内存消耗：2,331.34kb] [文件加载：59]
[ info ] [ LANG ] D:\phpStudy\WWW\blog\thinkphp\lang\zh-cn.php
[ info ] [ ROUTE ] array (
  'type' => 'module',
  'module' => 
  array (
    0 => 'index',
    1 => 'index',
    2 => 'index',
  ),
)
[ info ] [ HEADER ] array (
  'proxyagent' => 'oray phfw 22057',
  'x-forwarded-for' => '182.150.27.185, 218.145.64.217',
  'x-real-ip' => '182.150.27.185',
  'connection' => 'close',
  'host' => 'wangyuxuan.online',
  'accept-encoding' => 'gzip, deflate',
  'user-agent' => 'Mozilla/5.0 (Windows NT 10.0; Win64; x64) AppleWebKit/537.36 (KHTML, like Gecko) Chrome/46.0.2486.0 Safari/537.36 Edge/13.10586',
  'accept-language' => 'zh-CN',
  'referer' => 'http://wangyuxuan.online/index/index/about.html',
  'accept' => 'text/html, application/xhtml+xml, image/jxr, */*',
)
[ info ] [ PARAM ] array (
  '/index/index/index_html' => '',
)
[ info ] [ RUN ] app\index\controller\Index->index[ D:\phpStudy\WWW\blog\application\index\controller\Index.php ]
[ info ] [ DB ] INIT mysql
[ info ] [ VIEW ] D:\phpStudy\WWW\blog\public/../application/index\view\index\index.html [ array (
  0 => 'page',
  1 => 'info',
) ]
[ info ] [ LOG ] INIT File
[ sql ] [ DB ] CONNECT:[ UseTime:0.011000s ] mysql:host=127.0.0.1;port=3306;dbname=blog;charset=utf8
[ sql ] [ SQL ] SHOW COLUMNS FROM `doing` [ RunTime:0.010000s ]
[ sql ] [ SQL ] SELECT COUNT(*) AS tp_count FROM `doing` LIMIT 1 [ RunTime:0.001000s ]
[ sql ] [ SQL ] SELECT * FROM `doing` ORDER BY id desc LIMIT 0,5 [ RunTime:0.000000s ]
---------------------------------------------------------------
[ 2018-01-11T14:40:29+08:00 ] 127.0.0.1 127.0.0.1 GET /index/index/doing.html?page=2
[ info ] wangyuxuan.online/index/index/doing.html?page=2 [运行时间：0.067000s][吞吐率：14.93req/s] [内存消耗：2,329.34kb] [文件加载：59]
[ info ] [ LANG ] D:\phpStudy\WWW\blog\thinkphp\lang\zh-cn.php
[ info ] [ ROUTE ] array (
  'type' => 'module',
  'module' => 
  array (
    0 => 'index',
    1 => 'index',
    2 => 'doing',
  ),
)
[ info ] [ HEADER ] array (
  'proxyagent' => 'oray phfw 22057',
  'x-forwarded-for' => '106.120.160.109, 218.145.64.217',
  'x-real-ip' => '106.120.160.109',
  'user-agent' => 'Mozilla/4.0 (compatible; MSIE 8.0; Windows NT 6.1; Trident/4.0; SLCC2; .NET CLR 2.0.50727; .NET CLR 3.5.30729; .NET CLR 3.0.30729; Media Center PC 6.0; Tablet PC 2.0)',
  'connection' => 'close',
  'accept-language' => 'zh-CN,zh;q=0.8',
  'host' => 'wangyuxuan.online',
  'referer' => 'http://wangyuxuan.online/index/index/doing.html?page=2',
  'accept-encoding' => 'identity',
)
[ info ] [ PARAM ] array (
  '/index/index/doing_html' => '',
  'page' => '2',
)
[ info ] [ RUN ] app\index\controller\Index->doing[ D:\phpStudy\WWW\blog\application\index\controller\Index.php ]
[ info ] [ DB ] INIT mysql
[ info ] [ VIEW ] D:\phpStudy\WWW\blog\public/../application/index\view\index\doing.html [ array (
  0 => 'page',
  1 => 'info',
) ]
[ info ] [ LOG ] INIT File
[ sql ] [ DB ] CONNECT:[ UseTime:0.010000s ] mysql:host=127.0.0.1;port=3306;dbname=blog;charset=utf8
[ sql ] [ SQL ] SHOW COLUMNS FROM `doing` [ RunTime:0.008000s ]
[ sql ] [ SQL ] SELECT COUNT(*) AS tp_count FROM `doing` LIMIT 1 [ RunTime:0.000000s ]
[ sql ] [ SQL ] SELECT * FROM `doing` ORDER BY id desc LIMIT 5,5 [ RunTime:0.000000s ]
---------------------------------------------------------------
[ 2018-01-11T14:40:58+08:00 ] 127.0.0.1 127.0.0.1 GET /index/index/index.html
[ info ] wangyuxuan.online/index/index/index.html [运行时间：0.056000s][吞吐率：17.86req/s] [内存消耗：2,331.27kb] [文件加载：59]
[ info ] [ LANG ] D:\phpStudy\WWW\blog\thinkphp\lang\zh-cn.php
[ info ] [ ROUTE ] array (
  'type' => 'module',
  'module' => 
  array (
    0 => 'index',
    1 => 'index',
    2 => 'index',
  ),
)
[ info ] [ HEADER ] array (
  'proxyagent' => 'oray phfw 22057',
  'x-forwarded-for' => '106.120.160.109, 218.145.64.217',
  'x-real-ip' => '106.120.160.109',
  'user-agent' => 'Mozilla/4.0 (compatible; MSIE 8.0; Windows NT 6.1; Trident/4.0; SLCC2; .NET CLR 2.0.50727; .NET CLR 3.5.30729; .NET CLR 3.0.30729; Media Center PC 6.0; Tablet PC 2.0)',
  'connection' => 'close',
  'accept-language' => 'zh-CN,zh;q=0.8',
  'host' => 'wangyuxuan.online',
  'referer' => 'http://wangyuxuan.online/index/index/index.html',
  'accept-encoding' => 'identity',
)
[ info ] [ PARAM ] array (
  '/index/index/index_html' => '',
)
[ info ] [ RUN ] app\index\controller\Index->index[ D:\phpStudy\WWW\blog\application\index\controller\Index.php ]
[ info ] [ DB ] INIT mysql
[ info ] [ VIEW ] D:\phpStudy\WWW\blog\public/../application/index\view\index\index.html [ array (
  0 => 'page',
  1 => 'info',
) ]
[ info ] [ LOG ] INIT File
[ sql ] [ DB ] CONNECT:[ UseTime:0.001000s ] mysql:host=127.0.0.1;port=3306;dbname=blog;charset=utf8
[ sql ] [ SQL ] SHOW COLUMNS FROM `doing` [ RunTime:0.006000s ]
[ sql ] [ SQL ] SELECT COUNT(*) AS tp_count FROM `doing` LIMIT 1 [ RunTime:0.000000s ]
[ sql ] [ SQL ] SELECT * FROM `doing` ORDER BY id desc LIMIT 0,5 [ RunTime:0.000000s ]
---------------------------------------------------------------
[ 2018-01-11T14:42:09+08:00 ] 127.0.0.1 127.0.0.1 GET /
[ info ] wangyuxuan.online/ [运行时间：0.050000s][吞吐率：20.00req/s] [内存消耗：2,328.34kb] [文件加载：59]
[ info ] [ LANG ] D:\phpStudy\WWW\blog\thinkphp\lang\zh-cn.php
[ info ] [ ROUTE ] array (
  'type' => 'module',
  'module' => 
  array (
    0 => '',
    1 => NULL,
    2 => NULL,
  ),
)
[ info ] [ HEADER ] array (
  'accept-language' => 'zh-CN,zh;q=0.9',
  'accept-encoding' => 'gzip, deflate',
  'accept' => 'text/html,application/xhtml+xml,application/xml;q=0.9,image/webp,image/apng,*/*;q=0.8',
  'upgrade-insecure-requests' => '1',
  'user-agent' => 'Mozilla/5.0 (Windows NT 6.1; WOW64) AppleWebKit/537.36 (KHTML, like Gecko) Chrome/62.0.3202.89 Safari/537.36',
  'connection' => 'close',
  'host' => 'wangyuxuan.online',
)
[ info ] [ PARAM ] array (
)
[ info ] [ RUN ] app\index\controller\Index->index[ D:\phpStudy\WWW\blog\application\index\controller\Index.php ]
[ info ] [ DB ] INIT mysql
[ info ] [ VIEW ] D:\phpStudy\WWW\blog\public/../application/index\view\index\index.html [ array (
  0 => 'page',
  1 => 'info',
) ]
[ info ] [ LOG ] INIT File
[ sql ] [ DB ] CONNECT:[ UseTime:0.004000s ] mysql:host=127.0.0.1;port=3306;dbname=blog;charset=utf8
[ sql ] [ SQL ] SHOW COLUMNS FROM `doing` [ RunTime:0.008000s ]
[ sql ] [ SQL ] SELECT COUNT(*) AS tp_count FROM `doing` LIMIT 1 [ RunTime:0.000000s ]
[ sql ] [ SQL ] SELECT * FROM `doing` ORDER BY id desc LIMIT 0,5 [ RunTime:0.000000s ]
---------------------------------------------------------------
[ 2018-01-11T14:42:10+08:00 ] 127.0.0.1 127.0.0.1 GET /index/index/doing.html
[ info ] wangyuxuan.online/index/index/doing.html [运行时间：0.045000s][吞吐率：22.22req/s] [内存消耗：2,328.85kb] [文件加载：59]
[ info ] [ LANG ] D:\phpStudy\WWW\blog\thinkphp\lang\zh-cn.php
[ info ] [ ROUTE ] array (
  'type' => 'module',
  'module' => 
  array (
    0 => 'index',
    1 => 'index',
    2 => 'doing',
  ),
)
[ info ] [ HEADER ] array (
  'accept-language' => 'zh-CN,zh;q=0.9',
  'accept-encoding' => 'gzip, deflate',
  'referer' => 'http://wangyuxuan.online/',
  'accept' => 'text/html,application/xhtml+xml,application/xml;q=0.9,image/webp,image/apng,*/*;q=0.8',
  'user-agent' => 'Mozilla/5.0 (Windows NT 6.1; WOW64) AppleWebKit/537.36 (KHTML, like Gecko) Chrome/62.0.3202.89 Safari/537.36',
  'upgrade-insecure-requests' => '1',
  'connection' => 'close',
  'host' => 'wangyuxuan.online',
)
[ info ] [ PARAM ] array (
  '/index/index/doing_html' => '',
)
[ info ] [ RUN ] app\index\controller\Index->doing[ D:\phpStudy\WWW\blog\application\index\controller\Index.php ]
[ info ] [ DB ] INIT mysql
[ info ] [ VIEW ] D:\phpStudy\WWW\blog\public/../application/index\view\index\doing.html [ array (
  0 => 'page',
  1 => 'info',
) ]
[ info ] [ LOG ] INIT File
[ sql ] [ DB ] CONNECT:[ UseTime:0.010000s ] mysql:host=127.0.0.1;port=3306;dbname=blog;charset=utf8
[ sql ] [ SQL ] SHOW COLUMNS FROM `doing` [ RunTime:0.006000s ]
[ sql ] [ SQL ] SELECT COUNT(*) AS tp_count FROM `doing` LIMIT 1 [ RunTime:0.000000s ]
[ sql ] [ SQL ] SELECT * FROM `doing` ORDER BY id desc LIMIT 0,5 [ RunTime:0.001000s ]
---------------------------------------------------------------
[ 2018-01-11T14:42:12+08:00 ] 127.0.0.1 127.0.0.1 GET /index/index/index.html
[ info ] wangyuxuan.online/index/index/index.html [运行时间：0.057000s][吞吐率：17.54req/s] [内存消耗：2,330.99kb] [文件加载：59]
[ info ] [ LANG ] D:\phpStudy\WWW\blog\thinkphp\lang\zh-cn.php
[ info ] [ ROUTE ] array (
  'type' => 'module',
  'module' => 
  array (
    0 => 'index',
    1 => 'index',
    2 => 'index',
  ),
)
[ info ] [ HEADER ] array (
  'accept-language' => 'zh-CN,zh;q=0.9',
  'accept-encoding' => 'gzip, deflate',
  'referer' => 'http://wangyuxuan.online/index/index/doing.html',
  'accept' => 'text/html,application/xhtml+xml,application/xml;q=0.9,image/webp,image/apng,*/*;q=0.8',
  'user-agent' => 'Mozilla/5.0 (Windows NT 6.1; WOW64) AppleWebKit/537.36 (KHTML, like Gecko) Chrome/62.0.3202.89 Safari/537.36',
  'upgrade-insecure-requests' => '1',
  'connection' => 'close',
  'host' => 'wangyuxuan.online',
)
[ info ] [ PARAM ] array (
  '/index/index/index_html' => '',
)
[ info ] [ RUN ] app\index\controller\Index->index[ D:\phpStudy\WWW\blog\application\index\controller\Index.php ]
[ info ] [ DB ] INIT mysql
[ info ] [ VIEW ] D:\phpStudy\WWW\blog\public/../application/index\view\index\index.html [ array (
  0 => 'page',
  1 => 'info',
) ]
[ info ] [ LOG ] INIT File
[ sql ] [ DB ] CONNECT:[ UseTime:0.010000s ] mysql:host=127.0.0.1;port=3306;dbname=blog;charset=utf8
[ sql ] [ SQL ] SHOW COLUMNS FROM `doing` [ RunTime:0.006000s ]
[ sql ] [ SQL ] SELECT COUNT(*) AS tp_count FROM `doing` LIMIT 1 [ RunTime:0.000000s ]
[ sql ] [ SQL ] SELECT * FROM `doing` ORDER BY id desc LIMIT 0,5 [ RunTime:0.000000s ]
---------------------------------------------------------------
[ 2018-01-11T14:42:15+08:00 ] 127.0.0.1 127.0.0.1 GET /index/index/doing.html
[ info ] wangyuxuan.online/index/index/doing.html [运行时间：0.043000s][吞吐率：23.26req/s] [内存消耗：2,328.99kb] [文件加载：59]
[ info ] [ LANG ] D:\phpStudy\WWW\blog\thinkphp\lang\zh-cn.php
[ info ] [ ROUTE ] array (
  'type' => 'module',
  'module' => 
  array (
    0 => 'index',
    1 => 'index',
    2 => 'doing',
  ),
)
[ info ] [ HEADER ] array (
  'accept-language' => 'zh-CN,zh;q=0.9',
  'accept-encoding' => 'gzip, deflate',
  'referer' => 'http://wangyuxuan.online/index/index/index.html',
  'accept' => 'text/html,application/xhtml+xml,application/xml;q=0.9,image/webp,image/apng,*/*;q=0.8',
  'user-agent' => 'Mozilla/5.0 (Windows NT 6.1; WOW64) AppleWebKit/537.36 (KHTML, like Gecko) Chrome/62.0.3202.89 Safari/537.36',
  'upgrade-insecure-requests' => '1',
  'connection' => 'close',
  'host' => 'wangyuxuan.online',
)
[ info ] [ PARAM ] array (
  '/index/index/doing_html' => '',
)
[ info ] [ RUN ] app\index\controller\Index->doing[ D:\phpStudy\WWW\blog\application\index\controller\Index.php ]
[ info ] [ DB ] INIT mysql
[ info ] [ VIEW ] D:\phpStudy\WWW\blog\public/../application/index\view\index\doing.html [ array (
  0 => 'page',
  1 => 'info',
) ]
[ info ] [ LOG ] INIT File
[ sql ] [ DB ] CONNECT:[ UseTime:0.001000s ] mysql:host=127.0.0.1;port=3306;dbname=blog;charset=utf8
[ sql ] [ SQL ] SHOW COLUMNS FROM `doing` [ RunTime:0.006000s ]
[ sql ] [ SQL ] SELECT COUNT(*) AS tp_count FROM `doing` LIMIT 1 [ RunTime:0.001000s ]
[ sql ] [ SQL ] SELECT * FROM `doing` ORDER BY id desc LIMIT 0,5 [ RunTime:0.000000s ]
---------------------------------------------------------------
[ 2018-01-11T14:58:14+08:00 ] 127.0.0.1 127.0.0.1 GET /index/index/doing.html
[ info ] wangyuxuan.online/index/index/doing.html [运行时间：0.044000s][吞吐率：22.73req/s] [内存消耗：2,329.27kb] [文件加载：59]
[ info ] [ LANG ] D:\phpStudy\WWW\blog\thinkphp\lang\zh-cn.php
[ info ] [ ROUTE ] array (
  'type' => 'module',
  'module' => 
  array (
    0 => 'index',
    1 => 'index',
    2 => 'doing',
  ),
)
[ info ] [ HEADER ] array (
  'accept-language' => 'zh-CN,zh;q=0.9',
  'accept-encoding' => 'gzip, deflate',
  'referer' => 'http://wangyuxuan.online/index/index/index.html',
  'accept' => 'text/html,application/xhtml+xml,application/xml;q=0.9,image/webp,image/apng,*/*;q=0.8',
  'upgrade-insecure-requests' => '1',
  'user-agent' => 'Mozilla/5.0 (Windows NT 6.1; WOW64) AppleWebKit/537.36 (KHTML, like Gecko) Chrome/62.0.3202.89 Safari/537.36',
  'cache-control' => 'max-age=0',
  'connection' => 'close',
  'host' => 'wangyuxuan.online',
)
[ info ] [ PARAM ] array (
  '/index/index/doing_html' => '',
)
[ info ] [ RUN ] app\index\controller\Index->doing[ D:\phpStudy\WWW\blog\application\index\controller\Index.php ]
[ info ] [ DB ] INIT mysql
[ info ] [ VIEW ] D:\phpStudy\WWW\blog\public/../application/index\view\index\doing.html [ array (
  0 => 'page',
  1 => 'info',
) ]
[ info ] [ LOG ] INIT File
[ sql ] [ DB ] CONNECT:[ UseTime:0.002000s ] mysql:host=127.0.0.1;port=3306;dbname=blog;charset=utf8
[ sql ] [ SQL ] SHOW COLUMNS FROM `doing` [ RunTime:0.006000s ]
[ sql ] [ SQL ] SELECT COUNT(*) AS tp_count FROM `doing` LIMIT 1 [ RunTime:0.000000s ]
[ sql ] [ SQL ] SELECT * FROM `doing` ORDER BY id desc LIMIT 0,5 [ RunTime:0.000000s ]
---------------------------------------------------------------
[ 2018-01-11T14:58:15+08:00 ] 127.0.0.1 127.0.0.1 GET /
[ info ] wangyuxuan.online/ [运行时间：0.052000s][吞吐率：19.23req/s] [内存消耗：2,328.86kb] [文件加载：59]
[ info ] [ LANG ] D:\phpStudy\WWW\blog\thinkphp\lang\zh-cn.php
[ info ] [ ROUTE ] array (
  'type' => 'module',
  'module' => 
  array (
    0 => '',
    1 => NULL,
    2 => NULL,
  ),
)
[ info ] [ HEADER ] array (
  'proxyagent' => 'oray phfw 22057',
  'x-forwarded-for' => '101.199.108.59, 218.145.64.217',
  'x-real-ip' => '101.199.108.59',
  'accept-charset' => 'iso-8859-1,*,utf-8',
  'accept-encoding' => 'gzip,deflate',
  'accept' => 'text/html,application/xhtml+xml,application/xml;q=0.9,*/*;q=0.8',
  'user-agent' => 'Mozilla/5.0 (Windows NT 6.1) AppleWebKit/537.36 (KHTML, like Gecko) Chrome/36.0.1985.125 Safari/537.36',
  'accept-language' => 'zh-CN,zh;q=0.8',
  'connection' => 'close',
  'host' => 'wangyuxuan.online',
)
[ info ] [ PARAM ] array (
)
[ info ] [ RUN ] app\index\controller\Index->index[ D:\phpStudy\WWW\blog\application\index\controller\Index.php ]
[ info ] [ DB ] INIT mysql
[ info ] [ VIEW ] D:\phpStudy\WWW\blog\public/../application/index\view\index\index.html [ array (
  0 => 'page',
  1 => 'info',
) ]
[ info ] [ LOG ] INIT File
[ sql ] [ DB ] CONNECT:[ UseTime:0.001000s ] mysql:host=127.0.0.1;port=3306;dbname=blog;charset=utf8
[ sql ] [ SQL ] SHOW COLUMNS FROM `doing` [ RunTime:0.007000s ]
[ sql ] [ SQL ] SELECT COUNT(*) AS tp_count FROM `doing` LIMIT 1 [ RunTime:0.000000s ]
[ sql ] [ SQL ] SELECT * FROM `doing` ORDER BY id desc LIMIT 0,5 [ RunTime:0.000000s ]
---------------------------------------------------------------
[ 2018-01-11T14:58:16+08:00 ] 127.0.0.1 127.0.0.1 GET /index/index/doing.html?page=2
[ info ] wangyuxuan.online/index/index/doing.html?page=2 [运行时间：0.045000s][吞吐率：22.22req/s] [内存消耗：2,329.05kb] [文件加载：59]
[ info ] [ LANG ] D:\phpStudy\WWW\blog\thinkphp\lang\zh-cn.php
[ info ] [ ROUTE ] array (
  'type' => 'module',
  'module' => 
  array (
    0 => 'index',
    1 => 'index',
    2 => 'doing',
  ),
)
[ info ] [ HEADER ] array (
  'accept-language' => 'zh-CN,zh;q=0.9',
  'accept-encoding' => 'gzip, deflate',
  'referer' => 'http://wangyuxuan.online/index/index/doing.html',
  'accept' => 'text/html,application/xhtml+xml,application/xml;q=0.9,image/webp,image/apng,*/*;q=0.8',
  'user-agent' => 'Mozilla/5.0 (Windows NT 6.1; WOW64) AppleWebKit/537.36 (KHTML, like Gecko) Chrome/62.0.3202.89 Safari/537.36',
  'upgrade-insecure-requests' => '1',
  'connection' => 'close',
  'host' => 'wangyuxuan.online',
)
[ info ] [ PARAM ] array (
  '/index/index/doing_html' => '',
  'page' => '2',
)
[ info ] [ RUN ] app\index\controller\Index->doing[ D:\phpStudy\WWW\blog\application\index\controller\Index.php ]
[ info ] [ DB ] INIT mysql
[ info ] [ VIEW ] D:\phpStudy\WWW\blog\public/../application/index\view\index\doing.html [ array (
  0 => 'page',
  1 => 'info',
) ]
[ info ] [ LOG ] INIT File
[ sql ] [ DB ] CONNECT:[ UseTime:0.000000s ] mysql:host=127.0.0.1;port=3306;dbname=blog;charset=utf8
[ sql ] [ SQL ] SHOW COLUMNS FROM `doing` [ RunTime:0.005000s ]
[ sql ] [ SQL ] SELECT COUNT(*) AS tp_count FROM `doing` LIMIT 1 [ RunTime:0.000000s ]
[ sql ] [ SQL ] SELECT * FROM `doing` ORDER BY id desc LIMIT 5,5 [ RunTime:0.000000s ]
---------------------------------------------------------------
[ 2018-01-11T14:58:19+08:00 ] 127.0.0.1 127.0.0.1 GET /index/index/doing.html?page=1
[ info ] wangyuxuan.online/index/index/doing.html?page=1 [运行时间：0.056000s][吞吐率：17.86req/s] [内存消耗：2,329.06kb] [文件加载：59]
[ info ] [ LANG ] D:\phpStudy\WWW\blog\thinkphp\lang\zh-cn.php
[ info ] [ ROUTE ] array (
  'type' => 'module',
  'module' => 
  array (
    0 => 'index',
    1 => 'index',
    2 => 'doing',
  ),
)
[ info ] [ HEADER ] array (
  'accept-language' => 'zh-CN,zh;q=0.9',
  'accept-encoding' => 'gzip, deflate',
  'referer' => 'http://wangyuxuan.online/index/index/doing.html?page=2',
  'accept' => 'text/html,application/xhtml+xml,application/xml;q=0.9,image/webp,image/apng,*/*;q=0.8',
  'user-agent' => 'Mozilla/5.0 (Windows NT 6.1; WOW64) AppleWebKit/537.36 (KHTML, like Gecko) Chrome/62.0.3202.89 Safari/537.36',
  'upgrade-insecure-requests' => '1',
  'connection' => 'close',
  'host' => 'wangyuxuan.online',
)
[ info ] [ PARAM ] array (
  '/index/index/doing_html' => '',
  'page' => '1',
)
[ info ] [ RUN ] app\index\controller\Index->doing[ D:\phpStudy\WWW\blog\application\index\controller\Index.php ]
[ info ] [ DB ] INIT mysql
[ info ] [ VIEW ] D:\phpStudy\WWW\blog\public/../application/index\view\index\doing.html [ array (
  0 => 'page',
  1 => 'info',
) ]
[ info ] [ LOG ] INIT File
[ sql ] [ DB ] CONNECT:[ UseTime:0.000000s ] mysql:host=127.0.0.1;port=3306;dbname=blog;charset=utf8
[ sql ] [ SQL ] SHOW COLUMNS FROM `doing` [ RunTime:0.007000s ]
[ sql ] [ SQL ] SELECT COUNT(*) AS tp_count FROM `doing` LIMIT 1 [ RunTime:0.000000s ]
[ sql ] [ SQL ] SELECT * FROM `doing` ORDER BY id desc LIMIT 0,5 [ RunTime:0.000000s ]
---------------------------------------------------------------
[ 2018-01-11T15:24:30+08:00 ] 127.0.0.1 127.0.0.1 GET /index/index/about.html
[ info ] wangyuxuan.online/index/index/about.html [运行时间：0.065000s][吞吐率：15.38req/s] [内存消耗：2,261.71kb] [文件加载：56]
[ info ] [ LANG ] D:\phpStudy\WWW\blog\thinkphp\lang\zh-cn.php
[ info ] [ ROUTE ] array (
  'type' => 'module',
  'module' => 
  array (
    0 => 'index',
    1 => 'index',
    2 => 'about',
  ),
)
[ info ] [ HEADER ] array (
  'proxyagent' => 'oray phfw 22057',
  'x-forwarded-for' => '101.199.108.59, 218.145.64.217',
  'x-real-ip' => '101.199.108.59',
  'accept-charset' => 'iso-8859-1,*,utf-8',
  'accept-encoding' => 'gzip,deflate',
  'accept' => 'text/html,application/xhtml+xml,application/xml;q=0.9,*/*;q=0.8',
  'user-agent' => 'Mozilla/5.0 (Windows NT 6.1) AppleWebKit/537.36 (KHTML, like Gecko) Chrome/36.0.1985.125 Safari/537.36',
  'accept-language' => 'zh-CN,zh;q=0.8',
  'connection' => 'close',
  'host' => 'wangyuxuan.online',
)
[ info ] [ PARAM ] array (
  '/index/index/about_html' => '',
)
[ info ] [ RUN ] app\index\controller\Index->about[ D:\phpStudy\WWW\blog\application\index\controller\Index.php ]
[ info ] [ DB ] INIT mysql
[ info ] [ VIEW ] D:\phpStudy\WWW\blog\public/../application/index\view\index\about.html [ array (
  0 => 'info',
) ]
[ info ] [ LOG ] INIT File
[ sql ] [ DB ] CONNECT:[ UseTime:0.001000s ] mysql:host=127.0.0.1;port=3306;dbname=blog;charset=utf8
[ sql ] [ SQL ] SHOW COLUMNS FROM `about` [ RunTime:0.030000s ]
[ sql ] [ SQL ] SELECT * FROM `about` WHERE  `id` = 0 [ RunTime:0.000000s ]
---------------------------------------------------------------
[ 2018-01-11T15:33:48+08:00 ] 127.0.0.1 127.0.0.1 GET /index/index/saying.html
[ info ] wangyuxuan.online/index/index/saying.html [运行时间：0.024000s][吞吐率：41.67req/s] [内存消耗：1,416.64kb] [文件加载：47]
[ info ] [ LANG ] D:\phpStudy\WWW\blog\thinkphp\lang\zh-cn.php
[ info ] [ ROUTE ] array (
  'type' => 'module',
  'module' => 
  array (
    0 => 'index',
    1 => 'index',
    2 => 'saying',
  ),
)
[ info ] [ HEADER ] array (
  'proxyagent' => 'oray phfw 22057',
  'x-forwarded-for' => '101.199.112.53, 218.145.64.217',
  'x-real-ip' => '101.199.112.53',
  'accept-charset' => 'iso-8859-1,*,utf-8',
  'accept-encoding' => 'gzip,deflate',
  'accept' => 'text/html,application/xhtml+xml,application/xml;q=0.9,*/*;q=0.8',
  'user-agent' => 'Mozilla/5.0 (Windows NT 6.1) AppleWebKit/537.36 (KHTML, like Gecko) Chrome/36.0.1985.125 Safari/537.36',
  'accept-language' => 'zh-CN,zh;q=0.8',
  'connection' => 'close',
  'host' => 'wangyuxuan.online',
)
[ info ] [ PARAM ] array (
  '/index/index/saying_html' => '',
)
[ info ] [ RUN ] app\index\controller\Index->saying[ D:\phpStudy\WWW\blog\application\index\controller\Index.php ]
[ info ] [ VIEW ] D:\phpStudy\WWW\blog\public/../application/index\view\index\saying.html [ array (
) ]
[ info ] [ LOG ] INIT File
---------------------------------------------------------------
[ 2018-01-11T15:34:39+08:00 ] 127.0.0.1 127.0.0.1 GET /index/index/doing.html
[ info ] wangyuxuan.online/index/index/doing.html [运行时间：0.064000s][吞吐率：15.63req/s] [内存消耗：2,329.30kb] [文件加载：59]
[ info ] [ LANG ] D:\phpStudy\WWW\blog\thinkphp\lang\zh-cn.php
[ info ] [ ROUTE ] array (
  'type' => 'module',
  'module' => 
  array (
    0 => 'index',
    1 => 'index',
    2 => 'doing',
  ),
)
[ info ] [ HEADER ] array (
  'proxyagent' => 'oray phfw 22057',
  'x-forwarded-for' => '220.181.132.192, 218.145.64.217',
  'x-real-ip' => '220.181.132.192',
  'accept-charset' => 'iso-8859-1,*,utf-8',
  'accept-encoding' => 'gzip,deflate',
  'accept' => 'text/html,application/xhtml+xml,application/xml;q=0.9,*/*;q=0.8',
  'user-agent' => 'Mozilla/5.0 (Windows NT 6.1) AppleWebKit/537.36 (KHTML, like Gecko) Chrome/36.0.1985.125 Safari/537.36',
  'accept-language' => 'zh-CN,zh;q=0.8',
  'connection' => 'close',
  'host' => 'wangyuxuan.online',
)
[ info ] [ PARAM ] array (
  '/index/index/doing_html' => '',
)
[ info ] [ RUN ] app\index\controller\Index->doing[ D:\phpStudy\WWW\blog\application\index\controller\Index.php ]
[ info ] [ DB ] INIT mysql
[ info ] [ VIEW ] D:\phpStudy\WWW\blog\public/../application/index\view\index\doing.html [ array (
  0 => 'page',
  1 => 'info',
) ]
[ info ] [ LOG ] INIT File
[ sql ] [ DB ] CONNECT:[ UseTime:0.001000s ] mysql:host=127.0.0.1;port=3306;dbname=blog;charset=utf8
[ sql ] [ SQL ] SHOW COLUMNS FROM `doing` [ RunTime:0.007000s ]
[ sql ] [ SQL ] SELECT COUNT(*) AS tp_count FROM `doing` LIMIT 1 [ RunTime:0.000000s ]
[ sql ] [ SQL ] SELECT * FROM `doing` ORDER BY id desc LIMIT 0,5 [ RunTime:0.000000s ]
---------------------------------------------------------------
[ 2018-01-11T15:35:50+08:00 ] 127.0.0.1 127.0.0.1 GET /index/index/particulars/id/10.html
[ info ] wangyuxuan.online/index/index/particulars/id/10.html [运行时间：0.072000s][吞吐率：13.89req/s] [内存消耗：2,257.11kb] [文件加载：56]
[ info ] [ LANG ] D:\phpStudy\WWW\blog\thinkphp\lang\zh-cn.php
[ info ] [ ROUTE ] array (
  'type' => 'module',
  'module' => 
  array (
    0 => 'index',
    1 => 'index',
    2 => 'particulars',
  ),
)
[ info ] [ HEADER ] array (
  'proxyagent' => 'oray phfw 22057',
  'x-real-ip' => '182.118.20.149',
  'connection' => 'close',
  'cache-control' => 'max-age=259200',
  'x-forwarded-for' => 'unknown, 182.118.20.149, 218.145.64.217',
  'accept-charset' => 'iso-8859-1,*,utf-8',
  'accept-encoding' => 'gzip,deflate',
  'accept' => 'text/html,application/xhtml+xml,application/xml;q=0.9,*/*;q=0.8',
  'user-agent' => 'Mozilla/5.0 (Windows NT 6.1) AppleWebKit/537.36 (KHTML, like Gecko) Chrome/36.0.1985.125 Safari/537.36',
  'accept-language' => 'zh-CN,zh;q=0.8',
  'host' => 'wangyuxuan.online',
)
[ info ] [ PARAM ] array (
  '/index/index/particulars/id/10_html' => '',
  'id' => '10',
)
[ info ] [ RUN ] app\index\controller\Index->particulars[ D:\phpStudy\WWW\blog\application\index\controller\Index.php ]
[ info ] [ DB ] INIT mysql
[ info ] [ VIEW ] D:\phpStudy\WWW\blog\public/../application/index\view\index\particulars.html [ array (
  0 => 'info',
) ]
[ info ] [ LOG ] INIT File
[ sql ] [ DB ] CONNECT:[ UseTime:0.001000s ] mysql:host=127.0.0.1;port=3306;dbname=blog;charset=utf8
[ sql ] [ SQL ] SHOW COLUMNS FROM `doing` [ RunTime:0.006000s ]
[ sql ] [ SQL ] SELECT * FROM `doing` WHERE  `id` = 10 [ RunTime:0.000000s ]
---------------------------------------------------------------
[ 2018-01-11T15:37:30+08:00 ] 127.0.0.1 127.0.0.1 GET /index/index/index.html
[ info ] wangyuxuan.online/index/index/index.html [运行时间：0.061000s][吞吐率：16.39req/s] [内存消耗：2,331.37kb] [文件加载：59]
[ info ] [ LANG ] D:\phpStudy\WWW\blog\thinkphp\lang\zh-cn.php
[ info ] [ ROUTE ] array (
  'type' => 'module',
  'module' => 
  array (
    0 => 'index',
    1 => 'index',
    2 => 'index',
  ),
)
[ info ] [ HEADER ] array (
  'proxyagent' => 'oray phfw 22057',
  'x-real-ip' => '171.13.14.146',
  'connection' => 'close',
  'cache-control' => 'max-age=259200',
  'x-forwarded-for' => 'unknown, 171.13.14.146, 218.145.64.217',
  'accept-charset' => 'iso-8859-1,*,utf-8',
  'accept-encoding' => 'gzip,deflate',
  'accept' => 'text/html,application/xhtml+xml,application/xml;q=0.9,*/*;q=0.8',
  'user-agent' => 'Mozilla/5.0 (Windows NT 6.1) AppleWebKit/537.36 (KHTML, like Gecko) Chrome/36.0.1985.125 Safari/537.36',
  'accept-language' => 'zh-CN,zh;q=0.8',
  'host' => 'wangyuxuan.online',
)
[ info ] [ PARAM ] array (
  '/index/index/index_html' => '',
)
[ info ] [ RUN ] app\index\controller\Index->index[ D:\phpStudy\WWW\blog\application\index\controller\Index.php ]
[ info ] [ DB ] INIT mysql
[ info ] [ VIEW ] D:\phpStudy\WWW\blog\public/../application/index\view\index\index.html [ array (
  0 => 'page',
  1 => 'info',
) ]
[ info ] [ LOG ] INIT File
[ sql ] [ DB ] CONNECT:[ UseTime:0.001000s ] mysql:host=127.0.0.1;port=3306;dbname=blog;charset=utf8
[ sql ] [ SQL ] SHOW COLUMNS FROM `doing` [ RunTime:0.007000s ]
[ sql ] [ SQL ] SELECT COUNT(*) AS tp_count FROM `doing` LIMIT 1 [ RunTime:0.000000s ]
[ sql ] [ SQL ] SELECT * FROM `doing` ORDER BY id desc LIMIT 0,5 [ RunTime:0.000000s ]
---------------------------------------------------------------
[ 2018-01-11T15:41:30+08:00 ] 127.0.0.1 127.0.0.1 GET /index/index/index.html?page=2
[ info ] wangyuxuan.online/index/index/index.html?page=2 [运行时间：0.051000s][吞吐率：19.61req/s] [内存消耗：2,331.39kb] [文件加载：59]
[ info ] [ LANG ] D:\phpStudy\WWW\blog\thinkphp\lang\zh-cn.php
[ info ] [ ROUTE ] array (
  'type' => 'module',
  'module' => 
  array (
    0 => 'index',
    1 => 'index',
    2 => 'index',
  ),
)
[ info ] [ HEADER ] array (
  'proxyagent' => 'oray phfw 22057',
  'x-forwarded-for' => '182.150.27.185, 218.145.64.217',
  'x-real-ip' => '182.150.27.185',
  'connection' => 'close',
  'host' => 'wangyuxuan.online',
  'accept-encoding' => 'gzip, deflate',
  'user-agent' => 'Mozilla/5.0 (Windows NT 10.0; Win64; x64) AppleWebKit/537.36 (KHTML, like Gecko) Chrome/46.0.2486.0 Safari/537.36 Edge/13.10586',
  'accept-language' => 'zh-CN',
  'referer' => 'http://wangyuxuan.online/index/index/index.html',
  'accept' => 'text/html, application/xhtml+xml, image/jxr, */*',
)
[ info ] [ PARAM ] array (
  '/index/index/index_html' => '',
  'page' => '2',
)
[ info ] [ RUN ] app\index\controller\Index->index[ D:\phpStudy\WWW\blog\application\index\controller\Index.php ]
[ info ] [ DB ] INIT mysql
[ info ] [ VIEW ] D:\phpStudy\WWW\blog\public/../application/index\view\index\index.html [ array (
  0 => 'page',
  1 => 'info',
) ]
[ info ] [ LOG ] INIT File
[ sql ] [ DB ] CONNECT:[ UseTime:0.011000s ] mysql:host=127.0.0.1;port=3306;dbname=blog;charset=utf8
[ sql ] [ SQL ] SHOW COLUMNS FROM `doing` [ RunTime:0.006000s ]
[ sql ] [ SQL ] SELECT COUNT(*) AS tp_count FROM `doing` LIMIT 1 [ RunTime:0.000000s ]
[ sql ] [ SQL ] SELECT * FROM `doing` ORDER BY id desc LIMIT 5,5 [ RunTime:0.000000s ]
---------------------------------------------------------------
[ 2018-01-11T15:41:43+08:00 ] 127.0.0.1 127.0.0.1 GET /index/index/saying.html
[ info ] wangyuxuan.online/index/index/saying.html [运行时间：0.036000s][吞吐率：27.78req/s] [内存消耗：1,416.70kb] [文件加载：47]
[ info ] [ LANG ] D:\phpStudy\WWW\blog\thinkphp\lang\zh-cn.php
[ info ] [ ROUTE ] array (
  'type' => 'module',
  'module' => 
  array (
    0 => 'index',
    1 => 'index',
    2 => 'saying',
  ),
)
[ info ] [ HEADER ] array (
  'proxyagent' => 'oray phfw 22057',
  'x-forwarded-for' => '182.150.27.185, 218.145.64.217',
  'x-real-ip' => '182.150.27.185',
  'connection' => 'close',
  'host' => 'wangyuxuan.online',
  'accept-encoding' => 'gzip, deflate',
  'user-agent' => 'Mozilla/5.0 (Windows NT 10.0; Win64; x64) AppleWebKit/537.36 (KHTML, like Gecko) Chrome/46.0.2486.0 Safari/537.36 Edge/13.10586',
  'accept-language' => 'zh-CN',
  'referer' => 'http://wangyuxuan.online/index/index/index.html?page=2',
  'accept' => 'text/html, application/xhtml+xml, image/jxr, */*',
)
[ info ] [ PARAM ] array (
  '/index/index/saying_html' => '',
)
[ info ] [ RUN ] app\index\controller\Index->saying[ D:\phpStudy\WWW\blog\application\index\controller\Index.php ]
[ info ] [ VIEW ] D:\phpStudy\WWW\blog\public/../application/index\view\index\saying.html [ array (
) ]
[ info ] [ LOG ] INIT File
---------------------------------------------------------------
[ 2018-01-11T15:42:14+08:00 ] 127.0.0.1 127.0.0.1 GET /index/index/index.html?page=2
[ info ] wangyuxuan.online/index/index/index.html?page=2 [运行时间：0.095000s][吞吐率：10.53req/s] [内存消耗：2,331.34kb] [文件加载：59]
[ info ] [ LANG ] D:\phpStudy\WWW\blog\thinkphp\lang\zh-cn.php
[ info ] [ ROUTE ] array (
  'type' => 'module',
  'module' => 
  array (
    0 => 'index',
    1 => 'index',
    2 => 'index',
  ),
)
[ info ] [ HEADER ] array (
  'proxyagent' => 'oray phfw 22057',
  'x-forwarded-for' => '106.120.160.109, 218.145.64.217',
  'x-real-ip' => '106.120.160.109',
  'user-agent' => 'Mozilla/4.0 (compatible; MSIE 8.0; Windows NT 6.1; Trident/4.0; SLCC2; .NET CLR 2.0.50727; .NET CLR 3.5.30729; .NET CLR 3.0.30729; Media Center PC 6.0; Tablet PC 2.0)',
  'connection' => 'close',
  'accept-language' => 'zh-CN,zh;q=0.8',
  'host' => 'wangyuxuan.online',
  'referer' => 'http://wangyuxuan.online/index/index/index.html?page=2',
  'accept-encoding' => 'identity',
)
[ info ] [ PARAM ] array (
  '/index/index/index_html' => '',
  'page' => '2',
)
[ info ] [ RUN ] app\index\controller\Index->index[ D:\phpStudy\WWW\blog\application\index\controller\Index.php ]
[ info ] [ DB ] INIT mysql
[ info ] [ VIEW ] D:\phpStudy\WWW\blog\public/../application/index\view\index\index.html [ array (
  0 => 'page',
  1 => 'info',
) ]
[ info ] [ LOG ] INIT File
[ sql ] [ DB ] CONNECT:[ UseTime:0.011000s ] mysql:host=127.0.0.1;port=3306;dbname=blog;charset=utf8
[ sql ] [ SQL ] SHOW COLUMNS FROM `doing` [ RunTime:0.011000s ]
[ sql ] [ SQL ] SELECT COUNT(*) AS tp_count FROM `doing` LIMIT 1 [ RunTime:0.000000s ]
[ sql ] [ SQL ] SELECT * FROM `doing` ORDER BY id desc LIMIT 5,5 [ RunTime:0.001000s ]
---------------------------------------------------------------
[ 2018-01-11T16:31:54+08:00 ] 127.0.0.1 127.0.0.1 GET /index/index/index.html?page=2
[ info ] wangyuxuan.online/index/index/index.html?page=2 [运行时间：0.045000s][吞吐率：22.22req/s] [内存消耗：2,331.67kb] [文件加载：59]
[ info ] [ LANG ] D:\phpStudy\WWW\blog\thinkphp\lang\zh-cn.php
[ info ] [ ROUTE ] array (
  'type' => 'module',
  'module' => 
  array (
    0 => 'index',
    1 => 'index',
    2 => 'index',
  ),
)
[ info ] [ HEADER ] array (
  'proxyagent' => 'oray phfw 22057',
  'x-real-ip' => '171.13.14.152',
  'connection' => 'close',
  'cache-control' => 'max-age=259200',
  'x-forwarded-for' => 'unknown, 171.13.14.152, 218.145.64.217',
  'accept-charset' => 'iso-8859-1,*,utf-8',
  'accept-encoding' => 'gzip,deflate',
  'accept' => 'text/html,application/xhtml+xml,application/xml;q=0.9,*/*;q=0.8',
  'user-agent' => 'Mozilla/5.0 (Windows NT 6.1) AppleWebKit/537.36 (KHTML, like Gecko) Chrome/36.0.1985.125 Safari/537.36',
  'accept-language' => 'zh-CN,zh;q=0.8',
  'host' => 'wangyuxuan.online',
)
[ info ] [ PARAM ] array (
  '/index/index/index_html' => '',
  'page' => '2',
)
[ info ] [ RUN ] app\index\controller\Index->index[ D:\phpStudy\WWW\blog\application\index\controller\Index.php ]
[ info ] [ DB ] INIT mysql
[ info ] [ VIEW ] D:\phpStudy\WWW\blog\public/../application/index\view\index\index.html [ array (
  0 => 'page',
  1 => 'info',
) ]
[ info ] [ LOG ] INIT File
[ sql ] [ DB ] CONNECT:[ UseTime:0.003000s ] mysql:host=127.0.0.1;port=3306;dbname=blog;charset=utf8
[ sql ] [ SQL ] SHOW COLUMNS FROM `doing` [ RunTime:0.007000s ]
[ sql ] [ SQL ] SELECT COUNT(*) AS tp_count FROM `doing` LIMIT 1 [ RunTime:0.001000s ]
[ sql ] [ SQL ] SELECT * FROM `doing` ORDER BY id desc LIMIT 5,5 [ RunTime:0.000000s ]
