---------------------------------------------------------------
[ 2017-12-27T13:52:36+08:00 ] 127.0.0.1 127.0.0.1 GET /
[ info ] wangyuxuan.online/ [运行时间：0.748000s][吞吐率：1.34req/s] [内存消耗：2,468.14kb] [文件加载：61]
[ info ] [ LANG ] D:\phpStudy\WWW\blog\thinkphp\lang\zh-cn.php
[ info ] [ ROUTE ] array (
  'type' => 'module',
  'module' => 
  array (
    0 => '',
    1 => NULL,
    2 => NULL,
  ),
)
[ info ] [ HEADER ] array (
  'accept-language' => 'zh-CN,zh;q=0.9',
  'accept-encoding' => 'gzip, deflate',
  'accept' => 'text/html,application/xhtml+xml,application/xml;q=0.9,image/webp,image/apng,*/*;q=0.8',
  'upgrade-insecure-requests' => '1',
  'user-agent' => 'Mozilla/5.0 (Windows NT 6.1; WOW64) AppleWebKit/537.36 (KHTML, like Gecko) Chrome/62.0.3202.89 Safari/537.36',
  'connection' => 'close',
  'host' => 'wangyuxuan.online',
)
[ info ] [ PARAM ] array (
)
[ info ] [ RUN ] app\index\controller\Index->index[ D:\phpStudy\WWW\blog\application\index\controller\Index.php ]
[ info ] [ DB ] INIT mysql
[ info ] [ VIEW ] D:\phpStudy\WWW\blog\public/../application/index\view\index\index.html [ array (
  0 => 'page',
  1 => 'info',
) ]
[ info ] [ LOG ] INIT File
[ sql ] [ DB ] CONNECT:[ UseTime:0.003000s ] mysql:host=127.0.0.1;port=3306;dbname=blog;charset=utf8
[ sql ] [ SQL ] SHOW COLUMNS FROM `doing` [ RunTime:0.014000s ]
[ sql ] [ SQL ] SELECT COUNT(*) AS tp_count FROM `doing` LIMIT 1 [ RunTime:0.001000s ]
[ sql ] [ SQL ] SELECT * FROM `doing` ORDER BY id desc LIMIT 0,5 [ RunTime:0.004000s ]
---------------------------------------------------------------
[ 2017-12-27T16:11:33+08:00 ] 127.0.0.1 127.0.0.1 GET /index/index/doing.html
[ info ] wangyuxuan.online/index/index/doing.html [运行时间：0.079000s][吞吐率：12.66req/s] [内存消耗：2,468.03kb] [文件加载：61]
[ info ] [ LANG ] D:\phpStudy\WWW\blog\thinkphp\lang\zh-cn.php
[ info ] [ ROUTE ] array (
  'type' => 'module',
  'module' => 
  array (
    0 => 'index',
    1 => 'index',
    2 => 'doing',
  ),
)
[ info ] [ HEADER ] array (
  'accept-language' => 'zh-CN,zh;q=0.9',
  'accept-encoding' => 'gzip, deflate',
  'referer' => 'http://wangyuxuan.online/',
  'accept' => 'text/html,application/xhtml+xml,application/xml;q=0.9,image/webp,image/apng,*/*;q=0.8',
  'user-agent' => 'Mozilla/5.0 (Windows NT 6.1; WOW64) AppleWebKit/537.36 (KHTML, like Gecko) Chrome/62.0.3202.89 Safari/537.36',
  'upgrade-insecure-requests' => '1',
  'connection' => 'close',
  'host' => 'wangyuxuan.online',
)
[ info ] [ PARAM ] array (
  '/index/index/doing_html' => '',
)
[ info ] [ RUN ] app\index\controller\Index->doing[ D:\phpStudy\WWW\blog\application\index\controller\Index.php ]
[ info ] [ DB ] INIT mysql
[ info ] [ VIEW ] D:\phpStudy\WWW\blog\public/../application/index\view\index\doing.html [ array (
  0 => 'page',
  1 => 'info',
) ]
[ info ] [ LOG ] INIT File
[ sql ] [ DB ] CONNECT:[ UseTime:0.002000s ] mysql:host=127.0.0.1;port=3306;dbname=blog;charset=utf8
[ sql ] [ SQL ] SHOW COLUMNS FROM `doing` [ RunTime:0.006000s ]
[ sql ] [ SQL ] SELECT COUNT(*) AS tp_count FROM `doing` LIMIT 1 [ RunTime:0.001000s ]
[ sql ] [ SQL ] SELECT * FROM `doing` ORDER BY id desc LIMIT 0,5 [ RunTime:0.000000s ]
---------------------------------------------------------------
[ 2017-12-27T16:11:34+08:00 ] 127.0.0.1 127.0.0.1 GET /index/index/doing.html
[ info ] wangyuxuan.online/index/index/doing.html [运行时间：0.065000s][吞吐率：15.38req/s] [内存消耗：2,329.30kb] [文件加载：59]
[ info ] [ LANG ] D:\phpStudy\WWW\blog\thinkphp\lang\zh-cn.php
[ info ] [ ROUTE ] array (
  'type' => 'module',
  'module' => 
  array (
    0 => 'index',
    1 => 'index',
    2 => 'doing',
  ),
)
[ info ] [ HEADER ] array (
  'accept-language' => 'zh-CN,zh;q=0.9',
  'accept-encoding' => 'gzip, deflate',
  'referer' => 'http://wangyuxuan.online/index/index/doing.html',
  'accept' => 'text/html,application/xhtml+xml,application/xml;q=0.9,image/webp,image/apng,*/*;q=0.8',
  'user-agent' => 'Mozilla/5.0 (Windows NT 6.1; WOW64) AppleWebKit/537.36 (KHTML, like Gecko) Chrome/62.0.3202.89 Safari/537.36',
  'upgrade-insecure-requests' => '1',
  'connection' => 'close',
  'host' => 'wangyuxuan.online',
)
[ info ] [ PARAM ] array (
  '/index/index/doing_html' => '',
)
[ info ] [ RUN ] app\index\controller\Index->doing[ D:\phpStudy\WWW\blog\application\index\controller\Index.php ]
[ info ] [ DB ] INIT mysql
[ info ] [ VIEW ] D:\phpStudy\WWW\blog\public/../application/index\view\index\doing.html [ array (
  0 => 'page',
  1 => 'info',
) ]
[ info ] [ LOG ] INIT File
[ sql ] [ DB ] CONNECT:[ UseTime:0.010000s ] mysql:host=127.0.0.1;port=3306;dbname=blog;charset=utf8
[ sql ] [ SQL ] SHOW COLUMNS FROM `doing` [ RunTime:0.008000s ]
[ sql ] [ SQL ] SELECT COUNT(*) AS tp_count FROM `doing` LIMIT 1 [ RunTime:0.000000s ]
[ sql ] [ SQL ] SELECT * FROM `doing` ORDER BY id desc LIMIT 0,5 [ RunTime:0.001000s ]
---------------------------------------------------------------
[ 2017-12-27T16:11:36+08:00 ] 127.0.0.1 127.0.0.1 POST /index/index/do.html
[ info ] wangyuxuan.online/index/index/do.html [运行时间：0.051000s][吞吐率：19.61req/s] [内存消耗：2,323.50kb] [文件加载：59]
[ info ] [ LANG ] D:\phpStudy\WWW\blog\thinkphp\lang\zh-cn.php
[ info ] [ ROUTE ] array (
  'type' => 'module',
  'module' => 
  array (
    0 => 'index',
    1 => 'index',
    2 => 'do',
  ),
)
[ info ] [ HEADER ] array (
  'accept-language' => 'zh-CN,zh;q=0.9',
  'accept-encoding' => 'gzip, deflate',
  'referer' => 'http://wangyuxuan.online/index/index/doing.html',
  'content-type' => 'application/x-www-form-urlencoded; charset=UTF-8',
  'user-agent' => 'Mozilla/5.0 (Windows NT 6.1; WOW64) AppleWebKit/537.36 (KHTML, like Gecko) Chrome/62.0.3202.89 Safari/537.36',
  'x-requested-with' => 'XMLHttpRequest',
  'origin' => 'http://wangyuxuan.online',
  'accept' => 'text/html, */*; q=0.01',
  'content-length' => '40',
  'connection' => 'close',
  'host' => 'wangyuxuan.online',
)
[ info ] [ PARAM ] array (
  '/index/index/do_html' => '',
  'key' => '心得笔记',
)
[ info ] [ RUN ] app\index\controller\Index->do[ D:\phpStudy\WWW\blog\application\index\controller\Index.php ]
[ info ] [ DB ] INIT mysql
[ info ] [ VIEW ] D:\phpStudy\WWW\blog\public/../application/index\view\index\do.html [ array (
  0 => 'page',
  1 => 'data',
) ]
[ info ] [ LOG ] INIT File
[ sql ] [ DB ] CONNECT:[ UseTime:0.000000s ] mysql:host=127.0.0.1;port=3306;dbname=blog;charset=utf8
[ sql ] [ SQL ] SHOW COLUMNS FROM `doing` [ RunTime:0.005000s ]
[ sql ] [ SQL ] SELECT COUNT(*) AS tp_count FROM `doing` WHERE  `desc` = '心得笔记' LIMIT 1 [ RunTime:0.000000s ]
[ sql ] [ SQL ] SELECT * FROM `doing` WHERE  `desc` = '心得笔记' ORDER BY id desc LIMIT 0,5 [ RunTime:0.000000s ]
---------------------------------------------------------------
[ 2017-12-27T16:11:38+08:00 ] 127.0.0.1 127.0.0.1 POST /index/index/do.html
[ info ] wangyuxuan.online/index/index/do.html [运行时间：0.065000s][吞吐率：15.38req/s] [内存消耗：2,323.48kb] [文件加载：59]
[ info ] [ LANG ] D:\phpStudy\WWW\blog\thinkphp\lang\zh-cn.php
[ info ] [ ROUTE ] array (
  'type' => 'module',
  'module' => 
  array (
    0 => 'index',
    1 => 'index',
    2 => 'do',
  ),
)
[ info ] [ HEADER ] array (
  'accept-language' => 'zh-CN,zh;q=0.9',
  'accept-encoding' => 'gzip, deflate',
  'referer' => 'http://wangyuxuan.online/index/index/doing.html',
  'content-type' => 'application/x-www-form-urlencoded; charset=UTF-8',
  'user-agent' => 'Mozilla/5.0 (Windows NT 6.1; WOW64) AppleWebKit/537.36 (KHTML, like Gecko) Chrome/62.0.3202.89 Safari/537.36',
  'x-requested-with' => 'XMLHttpRequest',
  'origin' => 'http://wangyuxuan.online',
  'accept' => 'text/html, */*; q=0.01',
  'content-length' => '16',
  'connection' => 'close',
  'host' => 'wangyuxuan.online',
)
[ info ] [ PARAM ] array (
  '/index/index/do_html' => '',
  'key' => 'css3/html5',
)
[ info ] [ RUN ] app\index\controller\Index->do[ D:\phpStudy\WWW\blog\application\index\controller\Index.php ]
[ info ] [ DB ] INIT mysql
[ info ] [ VIEW ] D:\phpStudy\WWW\blog\public/../application/index\view\index\do.html [ array (
  0 => 'page',
  1 => 'data',
) ]
[ info ] [ LOG ] INIT File
[ sql ] [ DB ] CONNECT:[ UseTime:0.010000s ] mysql:host=127.0.0.1;port=3306;dbname=blog;charset=utf8
[ sql ] [ SQL ] SHOW COLUMNS FROM `doing` [ RunTime:0.007000s ]
[ sql ] [ SQL ] SELECT COUNT(*) AS tp_count FROM `doing` WHERE  `desc` = 'css3/html5' LIMIT 1 [ RunTime:0.001000s ]
[ sql ] [ SQL ] SELECT * FROM `doing` WHERE  `desc` = 'css3/html5' ORDER BY id desc LIMIT 0,5 [ RunTime:0.000000s ]
---------------------------------------------------------------
[ 2017-12-27T16:11:40+08:00 ] 127.0.0.1 127.0.0.1 POST /index/index/do.html
[ info ] wangyuxuan.online/index/index/do.html [运行时间：0.068000s][吞吐率：14.71req/s] [内存消耗：2,326.21kb] [文件加载：59]
[ info ] [ LANG ] D:\phpStudy\WWW\blog\thinkphp\lang\zh-cn.php
[ info ] [ ROUTE ] array (
  'type' => 'module',
  'module' => 
  array (
    0 => 'index',
    1 => 'index',
    2 => 'do',
  ),
)
[ info ] [ HEADER ] array (
  'accept-language' => 'zh-CN,zh;q=0.9',
  'accept-encoding' => 'gzip, deflate',
  'referer' => 'http://wangyuxuan.online/index/index/doing.html',
  'content-type' => 'application/x-www-form-urlencoded; charset=UTF-8',
  'user-agent' => 'Mozilla/5.0 (Windows NT 6.1; WOW64) AppleWebKit/537.36 (KHTML, like Gecko) Chrome/62.0.3202.89 Safari/537.36',
  'x-requested-with' => 'XMLHttpRequest',
  'origin' => 'http://wangyuxuan.online',
  'accept' => 'text/html, */*; q=0.01',
  'content-length' => '40',
  'connection' => 'close',
  'host' => 'wangyuxuan.online',
)
[ info ] [ PARAM ] array (
  '/index/index/do_html' => '',
  'key' => '网站建设',
)
[ info ] [ RUN ] app\index\controller\Index->do[ D:\phpStudy\WWW\blog\application\index\controller\Index.php ]
[ info ] [ DB ] INIT mysql
[ info ] [ VIEW ] D:\phpStudy\WWW\blog\public/../application/index\view\index\do.html [ array (
  0 => 'page',
  1 => 'data',
) ]
[ info ] [ LOG ] INIT File
[ sql ] [ DB ] CONNECT:[ UseTime:0.001000s ] mysql:host=127.0.0.1;port=3306;dbname=blog;charset=utf8
[ sql ] [ SQL ] SHOW COLUMNS FROM `doing` [ RunTime:0.012000s ]
[ sql ] [ SQL ] SELECT COUNT(*) AS tp_count FROM `doing` WHERE  `desc` = '网站建设' LIMIT 1 [ RunTime:0.001000s ]
[ sql ] [ SQL ] SELECT * FROM `doing` WHERE  `desc` = '网站建设' ORDER BY id desc LIMIT 0,5 [ RunTime:0.001000s ]
---------------------------------------------------------------
[ 2017-12-27T16:11:42+08:00 ] 127.0.0.1 127.0.0.1 GET /index/index/do.html?page=2
[ info ] wangyuxuan.online/index/index/do.html?page=2 [运行时间：0.048000s][吞吐率：20.83req/s] [内存消耗：2,324.32kb] [文件加载：59]
[ info ] [ LANG ] D:\phpStudy\WWW\blog\thinkphp\lang\zh-cn.php
[ info ] [ ROUTE ] array (
  'type' => 'module',
  'module' => 
  array (
    0 => 'index',
    1 => 'index',
    2 => 'do',
  ),
)
[ info ] [ HEADER ] array (
  'accept-language' => 'zh-CN,zh;q=0.9',
  'accept-encoding' => 'gzip, deflate',
  'referer' => 'http://wangyuxuan.online/index/index/doing.html',
  'accept' => 'text/html,application/xhtml+xml,application/xml;q=0.9,image/webp,image/apng,*/*;q=0.8',
  'user-agent' => 'Mozilla/5.0 (Windows NT 6.1; WOW64) AppleWebKit/537.36 (KHTML, like Gecko) Chrome/62.0.3202.89 Safari/537.36',
  'upgrade-insecure-requests' => '1',
  'connection' => 'close',
  'host' => 'wangyuxuan.online',
)
[ info ] [ PARAM ] array (
  '/index/index/do_html' => '',
  'page' => '2',
)
[ info ] [ RUN ] app\index\controller\Index->do[ D:\phpStudy\WWW\blog\application\index\controller\Index.php ]
[ info ] [ DB ] INIT mysql
[ info ] [ VIEW ] D:\phpStudy\WWW\blog\public/../application/index\view\index\do.html [ array (
  0 => 'page',
  1 => 'data',
) ]
[ info ] [ LOG ] INIT File
[ sql ] [ DB ] CONNECT:[ UseTime:0.001000s ] mysql:host=127.0.0.1;port=3306;dbname=blog;charset=utf8
[ sql ] [ SQL ] SHOW COLUMNS FROM `doing` [ RunTime:0.006000s ]
[ sql ] [ SQL ] SELECT COUNT(*) AS tp_count FROM `doing` LIMIT 1 [ RunTime:0.000000s ]
[ sql ] [ SQL ] SELECT * FROM `doing` ORDER BY id desc LIMIT 5,5 [ RunTime:0.001000s ]
---------------------------------------------------------------
[ 2017-12-27T16:11:45+08:00 ] 127.0.0.1 127.0.0.1 POST /index/index/do.html
[ info ] wangyuxuan.online/index/index/do.html [运行时间：0.050000s][吞吐率：20.00req/s] [内存消耗：2,323.50kb] [文件加载：59]
[ info ] [ LANG ] D:\phpStudy\WWW\blog\thinkphp\lang\zh-cn.php
[ info ] [ ROUTE ] array (
  'type' => 'module',
  'module' => 
  array (
    0 => 'index',
    1 => 'index',
    2 => 'do',
  ),
)
[ info ] [ HEADER ] array (
  'accept-language' => 'zh-CN,zh;q=0.9',
  'accept-encoding' => 'gzip, deflate',
  'referer' => 'http://wangyuxuan.online/index/index/doing.html',
  'content-type' => 'application/x-www-form-urlencoded; charset=UTF-8',
  'user-agent' => 'Mozilla/5.0 (Windows NT 6.1; WOW64) AppleWebKit/537.36 (KHTML, like Gecko) Chrome/62.0.3202.89 Safari/537.36',
  'x-requested-with' => 'XMLHttpRequest',
  'origin' => 'http://wangyuxuan.online',
  'accept' => 'text/html, */*; q=0.01',
  'content-length' => '40',
  'connection' => 'close',
  'host' => 'wangyuxuan.online',
)
[ info ] [ PARAM ] array (
  '/index/index/do_html' => '',
  'key' => '心得笔记',
)
[ info ] [ RUN ] app\index\controller\Index->do[ D:\phpStudy\WWW\blog\application\index\controller\Index.php ]
[ info ] [ DB ] INIT mysql
[ info ] [ VIEW ] D:\phpStudy\WWW\blog\public/../application/index\view\index\do.html [ array (
  0 => 'page',
  1 => 'data',
) ]
[ info ] [ LOG ] INIT File
[ sql ] [ DB ] CONNECT:[ UseTime:0.001000s ] mysql:host=127.0.0.1;port=3306;dbname=blog;charset=utf8
[ sql ] [ SQL ] SHOW COLUMNS FROM `doing` [ RunTime:0.007000s ]
[ sql ] [ SQL ] SELECT COUNT(*) AS tp_count FROM `doing` WHERE  `desc` = '心得笔记' LIMIT 1 [ RunTime:0.000000s ]
[ sql ] [ SQL ] SELECT * FROM `doing` WHERE  `desc` = '心得笔记' ORDER BY id desc LIMIT 0,5 [ RunTime:0.000000s ]
---------------------------------------------------------------
[ 2017-12-27T17:04:07+08:00 ] 127.0.0.1 127.0.0.1 GET /index/index/doing.html
[ info ] wangyuxuan.online/index/index/doing.html [运行时间：0.046000s][吞吐率：21.74req/s] [内存消耗：2,329.59kb] [文件加载：59]
[ info ] [ LANG ] D:\phpStudy\WWW\blog\thinkphp\lang\zh-cn.php
[ info ] [ ROUTE ] array (
  'type' => 'module',
  'module' => 
  array (
    0 => 'index',
    1 => 'index',
    2 => 'doing',
  ),
)
[ info ] [ HEADER ] array (
  'accept-language' => 'zh-CN,zh;q=0.9',
  'accept-encoding' => 'gzip, deflate',
  'referer' => 'http://wangyuxuan.online/index/index/doing.html',
  'accept' => 'text/html,application/xhtml+xml,application/xml;q=0.9,image/webp,image/apng,*/*;q=0.8',
  'upgrade-insecure-requests' => '1',
  'user-agent' => 'Mozilla/5.0 (Windows NT 6.1; WOW64) AppleWebKit/537.36 (KHTML, like Gecko) Chrome/62.0.3202.89 Safari/537.36',
  'cache-control' => 'max-age=0',
  'connection' => 'close',
  'host' => 'wangyuxuan.online',
)
[ info ] [ PARAM ] array (
  '/index/index/doing_html' => '',
)
[ info ] [ RUN ] app\index\controller\Index->doing[ D:\phpStudy\WWW\blog\application\index\controller\Index.php ]
[ info ] [ DB ] INIT mysql
[ info ] [ VIEW ] D:\phpStudy\WWW\blog\public/../application/index\view\index\doing.html [ array (
  0 => 'page',
  1 => 'info',
) ]
[ info ] [ LOG ] INIT File
[ sql ] [ DB ] CONNECT:[ UseTime:0.002000s ] mysql:host=127.0.0.1;port=3306;dbname=blog;charset=utf8
[ sql ] [ SQL ] SHOW COLUMNS FROM `doing` [ RunTime:0.007000s ]
[ sql ] [ SQL ] SELECT COUNT(*) AS tp_count FROM `doing` LIMIT 1 [ RunTime:0.001000s ]
[ sql ] [ SQL ] SELECT * FROM `doing` ORDER BY id desc LIMIT 0,5 [ RunTime:0.000000s ]
---------------------------------------------------------------
[ 2017-12-27T17:04:09+08:00 ] 127.0.0.1 127.0.0.1 POST /index/index/do.html
[ info ] wangyuxuan.online/index/index/do.html [运行时间：0.058000s][吞吐率：17.24req/s] [内存消耗：2,436.62kb] [文件加载：61]
[ info ] [ LANG ] D:\phpStudy\WWW\blog\thinkphp\lang\zh-cn.php
[ info ] [ ROUTE ] array (
  'type' => 'module',
  'module' => 
  array (
    0 => 'index',
    1 => 'index',
    2 => 'do',
  ),
)
[ info ] [ HEADER ] array (
  'accept-language' => 'zh-CN,zh;q=0.9',
  'accept-encoding' => 'gzip, deflate',
  'referer' => 'http://wangyuxuan.online/index/index/doing.html',
  'content-type' => 'application/x-www-form-urlencoded; charset=UTF-8',
  'user-agent' => 'Mozilla/5.0 (Windows NT 6.1; WOW64) AppleWebKit/537.36 (KHTML, like Gecko) Chrome/62.0.3202.89 Safari/537.36',
  'x-requested-with' => 'XMLHttpRequest',
  'origin' => 'http://wangyuxuan.online',
  'accept' => 'text/html, */*; q=0.01',
  'content-length' => '40',
  'connection' => 'close',
  'host' => 'wangyuxuan.online',
)
[ info ] [ PARAM ] array (
  '/index/index/do_html' => '',
  'key' => '心得笔记',
)
[ info ] [ RUN ] app\index\controller\Index->do[ D:\phpStudy\WWW\blog\application\index\controller\Index.php ]
[ info ] [ DB ] INIT mysql
[ info ] [ VIEW ] D:\phpStudy\WWW\blog\public/../application/index\view\index\do.html [ array (
  0 => 'page',
  1 => 'data',
) ]
[ info ] [ LOG ] INIT File
[ sql ] [ DB ] CONNECT:[ UseTime:0.000000s ] mysql:host=127.0.0.1;port=3306;dbname=blog;charset=utf8
[ sql ] [ SQL ] SHOW COLUMNS FROM `doing` [ RunTime:0.007000s ]
[ sql ] [ SQL ] SELECT COUNT(*) AS tp_count FROM `doing` WHERE  `desc` = '心得笔记' LIMIT 1 [ RunTime:0.001000s ]
[ sql ] [ SQL ] SELECT * FROM `doing` WHERE  `desc` = '心得笔记' ORDER BY id desc LIMIT 0,5 [ RunTime:0.000000s ]
---------------------------------------------------------------
[ 2017-12-27T17:04:10+08:00 ] 127.0.0.1 127.0.0.1 POST /index/index/do.html
[ info ] wangyuxuan.online/index/index/do.html [运行时间：0.035000s][吞吐率：28.57req/s] [内存消耗：2,323.66kb] [文件加载：59]
[ info ] [ LANG ] D:\phpStudy\WWW\blog\thinkphp\lang\zh-cn.php
[ info ] [ ROUTE ] array (
  'type' => 'module',
  'module' => 
  array (
    0 => 'index',
    1 => 'index',
    2 => 'do',
  ),
)
[ info ] [ HEADER ] array (
  'accept-language' => 'zh-CN,zh;q=0.9',
  'accept-encoding' => 'gzip, deflate',
  'referer' => 'http://wangyuxuan.online/index/index/doing.html',
  'content-type' => 'application/x-www-form-urlencoded; charset=UTF-8',
  'user-agent' => 'Mozilla/5.0 (Windows NT 6.1; WOW64) AppleWebKit/537.36 (KHTML, like Gecko) Chrome/62.0.3202.89 Safari/537.36',
  'x-requested-with' => 'XMLHttpRequest',
  'origin' => 'http://wangyuxuan.online',
  'accept' => 'text/html, */*; q=0.01',
  'content-length' => '16',
  'connection' => 'close',
  'host' => 'wangyuxuan.online',
)
[ info ] [ PARAM ] array (
  '/index/index/do_html' => '',
  'key' => 'css3/html5',
)
[ info ] [ RUN ] app\index\controller\Index->do[ D:\phpStudy\WWW\blog\application\index\controller\Index.php ]
[ info ] [ DB ] INIT mysql
[ info ] [ VIEW ] D:\phpStudy\WWW\blog\public/../application/index\view\index\do.html [ array (
  0 => 'page',
  1 => 'data',
) ]
[ info ] [ LOG ] INIT File
[ sql ] [ DB ] CONNECT:[ UseTime:0.001000s ] mysql:host=127.0.0.1;port=3306;dbname=blog;charset=utf8
[ sql ] [ SQL ] SHOW COLUMNS FROM `doing` [ RunTime:0.006000s ]
[ sql ] [ SQL ] SELECT COUNT(*) AS tp_count FROM `doing` WHERE  `desc` = 'css3/html5' LIMIT 1 [ RunTime:0.000000s ]
[ sql ] [ SQL ] SELECT * FROM `doing` WHERE  `desc` = 'css3/html5' ORDER BY id desc LIMIT 0,5 [ RunTime:0.001000s ]
---------------------------------------------------------------
[ 2017-12-27T17:04:12+08:00 ] 127.0.0.1 127.0.0.1 POST /index/index/do.html
[ info ] wangyuxuan.online/index/index/do.html [运行时间：0.045000s][吞吐率：22.22req/s] [内存消耗：2,326.40kb] [文件加载：59]
[ info ] [ LANG ] D:\phpStudy\WWW\blog\thinkphp\lang\zh-cn.php
[ info ] [ ROUTE ] array (
  'type' => 'module',
  'module' => 
  array (
    0 => 'index',
    1 => 'index',
    2 => 'do',
  ),
)
[ info ] [ HEADER ] array (
  'accept-language' => 'zh-CN,zh;q=0.9',
  'accept-encoding' => 'gzip, deflate',
  'referer' => 'http://wangyuxuan.online/index/index/doing.html',
  'content-type' => 'application/x-www-form-urlencoded; charset=UTF-8',
  'user-agent' => 'Mozilla/5.0 (Windows NT 6.1; WOW64) AppleWebKit/537.36 (KHTML, like Gecko) Chrome/62.0.3202.89 Safari/537.36',
  'x-requested-with' => 'XMLHttpRequest',
  'origin' => 'http://wangyuxuan.online',
  'accept' => 'text/html, */*; q=0.01',
  'content-length' => '40',
  'connection' => 'close',
  'host' => 'wangyuxuan.online',
)
[ info ] [ PARAM ] array (
  '/index/index/do_html' => '',
  'key' => '网站建设',
)
[ info ] [ RUN ] app\index\controller\Index->do[ D:\phpStudy\WWW\blog\application\index\controller\Index.php ]
[ info ] [ DB ] INIT mysql
[ info ] [ VIEW ] D:\phpStudy\WWW\blog\public/../application/index\view\index\do.html [ array (
  0 => 'page',
  1 => 'data',
) ]
[ info ] [ LOG ] INIT File
[ sql ] [ DB ] CONNECT:[ UseTime:0.000000s ] mysql:host=127.0.0.1;port=3306;dbname=blog;charset=utf8
[ sql ] [ SQL ] SHOW COLUMNS FROM `doing` [ RunTime:0.013000s ]
[ sql ] [ SQL ] SELECT COUNT(*) AS tp_count FROM `doing` WHERE  `desc` = '网站建设' LIMIT 1 [ RunTime:0.001000s ]
[ sql ] [ SQL ] SELECT * FROM `doing` WHERE  `desc` = '网站建设' ORDER BY id desc LIMIT 0,5 [ RunTime:0.000000s ]
---------------------------------------------------------------
[ 2017-12-27T17:04:13+08:00 ] 127.0.0.1 127.0.0.1 GET /index/index/do.html?page=2
[ info ] wangyuxuan.online/index/index/do.html?page=2 [运行时间：0.046000s][吞吐率：21.74req/s] [内存消耗：2,324.51kb] [文件加载：59]
[ info ] [ LANG ] D:\phpStudy\WWW\blog\thinkphp\lang\zh-cn.php
[ info ] [ ROUTE ] array (
  'type' => 'module',
  'module' => 
  array (
    0 => 'index',
    1 => 'index',
    2 => 'do',
  ),
)
[ info ] [ HEADER ] array (
  'accept-language' => 'zh-CN,zh;q=0.9',
  'accept-encoding' => 'gzip, deflate',
  'referer' => 'http://wangyuxuan.online/index/index/doing.html',
  'accept' => 'text/html,application/xhtml+xml,application/xml;q=0.9,image/webp,image/apng,*/*;q=0.8',
  'user-agent' => 'Mozilla/5.0 (Windows NT 6.1; WOW64) AppleWebKit/537.36 (KHTML, like Gecko) Chrome/62.0.3202.89 Safari/537.36',
  'upgrade-insecure-requests' => '1',
  'connection' => 'close',
  'host' => 'wangyuxuan.online',
)
[ info ] [ PARAM ] array (
  '/index/index/do_html' => '',
  'page' => '2',
)
[ info ] [ RUN ] app\index\controller\Index->do[ D:\phpStudy\WWW\blog\application\index\controller\Index.php ]
[ info ] [ DB ] INIT mysql
[ info ] [ VIEW ] D:\phpStudy\WWW\blog\public/../application/index\view\index\do.html [ array (
  0 => 'page',
  1 => 'data',
) ]
[ info ] [ LOG ] INIT File
[ sql ] [ DB ] CONNECT:[ UseTime:0.000000s ] mysql:host=127.0.0.1;port=3306;dbname=blog;charset=utf8
[ sql ] [ SQL ] SHOW COLUMNS FROM `doing` [ RunTime:0.006000s ]
[ sql ] [ SQL ] SELECT COUNT(*) AS tp_count FROM `doing` LIMIT 1 [ RunTime:0.000000s ]
[ sql ] [ SQL ] SELECT * FROM `doing` ORDER BY id desc LIMIT 5,5 [ RunTime:0.001000s ]
---------------------------------------------------------------
[ 2017-12-27T17:04:35+08:00 ] 127.0.0.1 127.0.0.1 POST /index/index/do.html
[ info ] wangyuxuan.online/index/index/do.html [运行时间：0.047000s][吞吐率：21.28req/s] [内存消耗：2,323.66kb] [文件加载：59]
[ info ] [ LANG ] D:\phpStudy\WWW\blog\thinkphp\lang\zh-cn.php
[ info ] [ ROUTE ] array (
  'type' => 'module',
  'module' => 
  array (
    0 => 'index',
    1 => 'index',
    2 => 'do',
  ),
)
[ info ] [ HEADER ] array (
  'accept-language' => 'zh-CN,zh;q=0.9',
  'accept-encoding' => 'gzip, deflate',
  'referer' => 'http://wangyuxuan.online/index/index/doing.html',
  'content-type' => 'application/x-www-form-urlencoded; charset=UTF-8',
  'user-agent' => 'Mozilla/5.0 (Windows NT 6.1; WOW64) AppleWebKit/537.36 (KHTML, like Gecko) Chrome/62.0.3202.89 Safari/537.36',
  'x-requested-with' => 'XMLHttpRequest',
  'origin' => 'http://wangyuxuan.online',
  'accept' => 'text/html, */*; q=0.01',
  'content-length' => '16',
  'connection' => 'close',
  'host' => 'wangyuxuan.online',
)
[ info ] [ PARAM ] array (
  '/index/index/do_html' => '',
  'key' => 'css3/html5',
)
[ info ] [ RUN ] app\index\controller\Index->do[ D:\phpStudy\WWW\blog\application\index\controller\Index.php ]
[ info ] [ DB ] INIT mysql
[ info ] [ VIEW ] D:\phpStudy\WWW\blog\public/../application/index\view\index\do.html [ array (
  0 => 'page',
  1 => 'data',
) ]
[ info ] [ LOG ] INIT File
[ sql ] [ DB ] CONNECT:[ UseTime:0.001000s ] mysql:host=127.0.0.1;port=3306;dbname=blog;charset=utf8
[ sql ] [ SQL ] SHOW COLUMNS FROM `doing` [ RunTime:0.006000s ]
[ sql ] [ SQL ] SELECT COUNT(*) AS tp_count FROM `doing` WHERE  `desc` = 'css3/html5' LIMIT 1 [ RunTime:0.001000s ]
[ sql ] [ SQL ] SELECT * FROM `doing` WHERE  `desc` = 'css3/html5' ORDER BY id desc LIMIT 0,5 [ RunTime:0.000000s ]
---------------------------------------------------------------
[ 2017-12-27T17:04:36+08:00 ] 127.0.0.1 127.0.0.1 POST /index/index/do.html
[ info ] wangyuxuan.online/index/index/do.html [运行时间：0.065000s][吞吐率：15.38req/s] [内存消耗：2,326.40kb] [文件加载：59]
[ info ] [ LANG ] D:\phpStudy\WWW\blog\thinkphp\lang\zh-cn.php
[ info ] [ ROUTE ] array (
  'type' => 'module',
  'module' => 
  array (
    0 => 'index',
    1 => 'index',
    2 => 'do',
  ),
)
[ info ] [ HEADER ] array (
  'accept-language' => 'zh-CN,zh;q=0.9',
  'accept-encoding' => 'gzip, deflate',
  'referer' => 'http://wangyuxuan.online/index/index/doing.html',
  'content-type' => 'application/x-www-form-urlencoded; charset=UTF-8',
  'user-agent' => 'Mozilla/5.0 (Windows NT 6.1; WOW64) AppleWebKit/537.36 (KHTML, like Gecko) Chrome/62.0.3202.89 Safari/537.36',
  'x-requested-with' => 'XMLHttpRequest',
  'origin' => 'http://wangyuxuan.online',
  'accept' => 'text/html, */*; q=0.01',
  'content-length' => '40',
  'connection' => 'close',
  'host' => 'wangyuxuan.online',
)
[ info ] [ PARAM ] array (
  '/index/index/do_html' => '',
  'key' => '网站建设',
)
[ info ] [ RUN ] app\index\controller\Index->do[ D:\phpStudy\WWW\blog\application\index\controller\Index.php ]
[ info ] [ DB ] INIT mysql
[ info ] [ VIEW ] D:\phpStudy\WWW\blog\public/../application/index\view\index\do.html [ array (
  0 => 'page',
  1 => 'data',
) ]
[ info ] [ LOG ] INIT File
[ sql ] [ DB ] CONNECT:[ UseTime:0.010000s ] mysql:host=127.0.0.1;port=3306;dbname=blog;charset=utf8
[ sql ] [ SQL ] SHOW COLUMNS FROM `doing` [ RunTime:0.006000s ]
[ sql ] [ SQL ] SELECT COUNT(*) AS tp_count FROM `doing` WHERE  `desc` = '网站建设' LIMIT 1 [ RunTime:0.000000s ]
[ sql ] [ SQL ] SELECT * FROM `doing` WHERE  `desc` = '网站建设' ORDER BY id desc LIMIT 0,5 [ RunTime:0.000000s ]
---------------------------------------------------------------
[ 2017-12-27T17:05:09+08:00 ] 127.0.0.1 127.0.0.1 GET /index/index/doing.html
[ info ] wangyuxuan.online/index/index/doing.html [运行时间：0.049000s][吞吐率：20.41req/s] [内存消耗：2,329.59kb] [文件加载：59]
[ info ] [ LANG ] D:\phpStudy\WWW\blog\thinkphp\lang\zh-cn.php
[ info ] [ ROUTE ] array (
  'type' => 'module',
  'module' => 
  array (
    0 => 'index',
    1 => 'index',
    2 => 'doing',
  ),
)
[ info ] [ HEADER ] array (
  'accept-language' => 'zh-CN,zh;q=0.9',
  'accept-encoding' => 'gzip, deflate',
  'referer' => 'http://wangyuxuan.online/index/index/doing.html',
  'accept' => 'text/html,application/xhtml+xml,application/xml;q=0.9,image/webp,image/apng,*/*;q=0.8',
  'upgrade-insecure-requests' => '1',
  'user-agent' => 'Mozilla/5.0 (Windows NT 6.1; WOW64) AppleWebKit/537.36 (KHTML, like Gecko) Chrome/62.0.3202.89 Safari/537.36',
  'cache-control' => 'max-age=0',
  'connection' => 'close',
  'host' => 'wangyuxuan.online',
)
[ info ] [ PARAM ] array (
  '/index/index/doing_html' => '',
)
[ info ] [ RUN ] app\index\controller\Index->doing[ D:\phpStudy\WWW\blog\application\index\controller\Index.php ]
[ info ] [ DB ] INIT mysql
[ info ] [ VIEW ] D:\phpStudy\WWW\blog\public/../application/index\view\index\doing.html [ array (
  0 => 'page',
  1 => 'info',
) ]
[ info ] [ LOG ] INIT File
[ sql ] [ DB ] CONNECT:[ UseTime:0.001000s ] mysql:host=127.0.0.1;port=3306;dbname=blog;charset=utf8
[ sql ] [ SQL ] SHOW COLUMNS FROM `doing` [ RunTime:0.006000s ]
[ sql ] [ SQL ] SELECT COUNT(*) AS tp_count FROM `doing` LIMIT 1 [ RunTime:0.000000s ]
[ sql ] [ SQL ] SELECT * FROM `doing` ORDER BY id desc LIMIT 0,5 [ RunTime:0.000000s ]
---------------------------------------------------------------
[ 2017-12-27T17:05:12+08:00 ] 127.0.0.1 127.0.0.1 GET /index/index/doing.html?page=2
[ info ] wangyuxuan.online/index/index/doing.html?page=2 [运行时间：0.050000s][吞吐率：20.00req/s] [内存消耗：2,329.36kb] [文件加载：59]
[ info ] [ LANG ] D:\phpStudy\WWW\blog\thinkphp\lang\zh-cn.php
[ info ] [ ROUTE ] array (
  'type' => 'module',
  'module' => 
  array (
    0 => 'index',
    1 => 'index',
    2 => 'doing',
  ),
)
[ info ] [ HEADER ] array (
  'accept-language' => 'zh-CN,zh;q=0.9',
  'accept-encoding' => 'gzip, deflate',
  'referer' => 'http://wangyuxuan.online/index/index/doing.html',
  'accept' => 'text/html,application/xhtml+xml,application/xml;q=0.9,image/webp,image/apng,*/*;q=0.8',
  'user-agent' => 'Mozilla/5.0 (Windows NT 6.1; WOW64) AppleWebKit/537.36 (KHTML, like Gecko) Chrome/62.0.3202.89 Safari/537.36',
  'upgrade-insecure-requests' => '1',
  'connection' => 'close',
  'host' => 'wangyuxuan.online',
)
[ info ] [ PARAM ] array (
  '/index/index/doing_html' => '',
  'page' => '2',
)
[ info ] [ RUN ] app\index\controller\Index->doing[ D:\phpStudy\WWW\blog\application\index\controller\Index.php ]
[ info ] [ DB ] INIT mysql
[ info ] [ VIEW ] D:\phpStudy\WWW\blog\public/../application/index\view\index\doing.html [ array (
  0 => 'page',
  1 => 'info',
) ]
[ info ] [ LOG ] INIT File
[ sql ] [ DB ] CONNECT:[ UseTime:0.011000s ] mysql:host=127.0.0.1;port=3306;dbname=blog;charset=utf8
[ sql ] [ SQL ] SHOW COLUMNS FROM `doing` [ RunTime:0.006000s ]
[ sql ] [ SQL ] SELECT COUNT(*) AS tp_count FROM `doing` LIMIT 1 [ RunTime:0.000000s ]
[ sql ] [ SQL ] SELECT * FROM `doing` ORDER BY id desc LIMIT 5,5 [ RunTime:0.000000s ]
---------------------------------------------------------------
[ 2017-12-27T17:05:15+08:00 ] 127.0.0.1 127.0.0.1 POST /index/index/do.html
[ info ] wangyuxuan.online/index/index/do.html [运行时间：0.051000s][吞吐率：19.61req/s] [内存消耗：2,445.34kb] [文件加载：61]
[ info ] [ LANG ] D:\phpStudy\WWW\blog\thinkphp\lang\zh-cn.php
[ info ] [ ROUTE ] array (
  'type' => 'module',
  'module' => 
  array (
    0 => 'index',
    1 => 'index',
    2 => 'do',
  ),
)
[ info ] [ HEADER ] array (
  'accept-language' => 'zh-CN,zh;q=0.9',
  'accept-encoding' => 'gzip, deflate',
  'referer' => 'http://wangyuxuan.online/index/index/doing.html?page=2',
  'content-type' => 'application/x-www-form-urlencoded; charset=UTF-8',
  'user-agent' => 'Mozilla/5.0 (Windows NT 6.1; WOW64) AppleWebKit/537.36 (KHTML, like Gecko) Chrome/62.0.3202.89 Safari/537.36',
  'x-requested-with' => 'XMLHttpRequest',
  'origin' => 'http://wangyuxuan.online',
  'accept' => 'text/html, */*; q=0.01',
  'content-length' => '40',
  'connection' => 'close',
  'host' => 'wangyuxuan.online',
)
[ info ] [ PARAM ] array (
  '/index/index/do_html' => '',
  'key' => '网站建设',
)
[ info ] [ RUN ] app\index\controller\Index->do[ D:\phpStudy\WWW\blog\application\index\controller\Index.php ]
[ info ] [ DB ] INIT mysql
[ info ] [ VIEW ] D:\phpStudy\WWW\blog\public/../application/index\view\index\do.html [ array (
  0 => 'page',
  1 => 'data',
) ]
[ info ] [ LOG ] INIT File
[ sql ] [ DB ] CONNECT:[ UseTime:0.010000s ] mysql:host=127.0.0.1;port=3306;dbname=blog;charset=utf8
[ sql ] [ SQL ] SHOW COLUMNS FROM `doing` [ RunTime:0.008000s ]
[ sql ] [ SQL ] SELECT COUNT(*) AS tp_count FROM `doing` WHERE  `desc` = '网站建设' LIMIT 1 [ RunTime:0.000000s ]
[ sql ] [ SQL ] SELECT * FROM `doing` WHERE  `desc` = '网站建设' ORDER BY id desc LIMIT 0,5 [ RunTime:0.000000s ]
---------------------------------------------------------------
[ 2017-12-27T17:05:16+08:00 ] 127.0.0.1 127.0.0.1 GET /index/index/do.html?page=2
[ info ] wangyuxuan.online/index/index/do.html?page=2 [运行时间：0.039000s][吞吐率：25.64req/s] [内存消耗：2,324.52kb] [文件加载：59]
[ info ] [ LANG ] D:\phpStudy\WWW\blog\thinkphp\lang\zh-cn.php
[ info ] [ ROUTE ] array (
  'type' => 'module',
  'module' => 
  array (
    0 => 'index',
    1 => 'index',
    2 => 'do',
  ),
)
[ info ] [ HEADER ] array (
  'accept-language' => 'zh-CN,zh;q=0.9',
  'accept-encoding' => 'gzip, deflate',
  'referer' => 'http://wangyuxuan.online/index/index/doing.html?page=2',
  'accept' => 'text/html,application/xhtml+xml,application/xml;q=0.9,image/webp,image/apng,*/*;q=0.8',
  'user-agent' => 'Mozilla/5.0 (Windows NT 6.1; WOW64) AppleWebKit/537.36 (KHTML, like Gecko) Chrome/62.0.3202.89 Safari/537.36',
  'upgrade-insecure-requests' => '1',
  'connection' => 'close',
  'host' => 'wangyuxuan.online',
)
[ info ] [ PARAM ] array (
  '/index/index/do_html' => '',
  'page' => '2',
)
[ info ] [ RUN ] app\index\controller\Index->do[ D:\phpStudy\WWW\blog\application\index\controller\Index.php ]
[ info ] [ DB ] INIT mysql
[ info ] [ VIEW ] D:\phpStudy\WWW\blog\public/../application/index\view\index\do.html [ array (
  0 => 'page',
  1 => 'data',
) ]
[ info ] [ LOG ] INIT File
[ sql ] [ DB ] CONNECT:[ UseTime:0.004000s ] mysql:host=127.0.0.1;port=3306;dbname=blog;charset=utf8
[ sql ] [ SQL ] SHOW COLUMNS FROM `doing` [ RunTime:0.007000s ]
[ sql ] [ SQL ] SELECT COUNT(*) AS tp_count FROM `doing` LIMIT 1 [ RunTime:0.000000s ]
[ sql ] [ SQL ] SELECT * FROM `doing` ORDER BY id desc LIMIT 5,5 [ RunTime:0.001000s ]
